
> nutrition-assessment-app@0.1.0 dev
> next dev

  ▲ Next.js 14.2.30
  - Local:        http://localhost:3000
  - Environments: .env.local, .env

 ✓ Starting...
 ✓ Ready in 1840ms
 ○ Compiling / ...
 ✓ Compiled / in 1911ms (474 modules)
 HEAD / 200 in 1981ms
 ✓ Compiled in 65ms (241 modules)
 GET / 200 in 28ms
 ✓ Compiled /api/recognize-single-image in 126ms (275 modules)
=== Received image recognition request ===
Request headers: Headers {
  host: 'localhost:3000',
  connection: 'keep-alive',
  'content-length': '76533',
  'sec-ch-ua-platform': '"macOS"',
  'user-agent': 'Mozilla/5.0 (Macintosh; Intel Mac OS X 10_15_7) AppleWebKit/537.36 (KHTML, like Gecko) Chrome/138.0.0.0 Safari/537.36',
  'sec-ch-ua': '"Not)A;Brand";v="8", "Chromium";v="138", "Google Chrome";v="138"',
  'content-type': 'multipart/form-data; boundary=----WebKitFormBoundaryX1xru8NmfGJ2l3fB',
  'sec-ch-ua-mobile': '?0',
  accept: '*/*',
  origin: 'http://localhost:3000',
  'sec-fetch-site': 'same-origin',
  'sec-fetch-mode': 'cors',
  'sec-fetch-dest': 'empty',
  referer: 'http://localhost:3000/',
  'accept-encoding': 'gzip, deflate, br, zstd',
  'accept-language': 'zh-CN,zh;q=0.9',
  cookie: 'rl_page_init_referrer=RudderEncrypt%3AU2FsdGVkX19PQRSTbxQmntSXY3V1RKTFYBWui3%2BsYNk%3D; rl_page_init_referring_domain=RudderEncrypt%3AU2FsdGVkX19WZl09o2IcU%2Bx18TP2Wxzh5bTF7HF8YMo%3D; rl_anonymous_id=RudderEncrypt%3AU2FsdGVkX183njKEj8NenLXNMk91PfFH4EwzfSL3ubC8SpLVmviERMNyVm40vwf617yGJT19CgdYl5RxWQJqCg%3D%3D; rl_user_id=RudderEncrypt%3AU2FsdGVkX1%2FDiOgiquOGrkT9NzQEzvNm7FJfyw0RRZvGtKrPmK4rvUqDDAs4iHs2p3nHPDzJaX0frO6pMhNrmV%2BJO4YOiAW5VUAfXgdlipf2jYU%2ByXmBJVxXM59wesRHHiL9tKsK8AFxlJdSgYANI46c1n%2F6PSxfhC%2BveDE7HW8%3D; rl_trait=RudderEncrypt%3AU2FsdGVkX1%2BvzS8SnJ3udQMreGOJFIn1K19SBWh0YVnuEqtiaE8RyvdcLH7AWdla%2BI7zJCov4XiZ47HZQY2uLfWDvn%2BoNrsC6vuSXGh22gNrMlfXuRkiX4EPYobmLYH97vMUsZyycRs2hrDsGvVm7A%3D%3D; rl_session=RudderEncrypt%3AU2FsdGVkX19BDuWmaZO%2FYXBxvWFWJ4NqWW%2FWS2zUVhTI6yaMP42TWd2%2F8IUcC8iWJiA6au0Syjjlajsld%2FNR7Y%2FbfNsxS4o2MExMsLhvIURMpYr2K%2F8O2OUtcBOcOcomoQQo1hHFuAfYsfhLGk5hIg%3D%3D; ph_phc_4URIAm1uYfJO7j8kWSe0J8lc8IqnstRLS7Jx8NcakHo_posthog=%7B%22distinct_id%22%3A%22a0ffc13f7efdc2a741f5b2d604310d326ecceddbd697204b1fc1d898afa3a008%230541f89d-2f09-40c8-84f4-59d4e8d4b51b%22%2C%22%24sesid%22%3A%5Bnull%2Cnull%2Cnull%5D%2C%22%24epp%22%3Atrue%2C%22%24initial_person_info%22%3A%7B%22r%22%3A%22%24direct%22%2C%22u%22%3A%22http%3A%2F%2Flocalhost%3A5678%2Fsignout%22%7D%7D; n8n-auth=eyJhbGciOiJIUzI1NiIsInR5cCI6IkpXVCJ9.eyJpZCI6IjA1NDFmODlkLTJmMDktNDBjOC04NGY0LTU5ZDRlOGQ0YjUxYiIsImhhc2giOiJHeTV0RnZMUnY2IiwiYnJvd3NlcklkIjoiUW52L3JSWk9FNEtGQWFLWUpVcVAvTUNZK05yYUw2aFJmN29jUHdFV212Zz0iLCJpYXQiOjE3NTI1NjE1MDEsImV4cCI6MTc1MzE2NjMwMX0.8xGMGigzjsQKew-0kNLl1weiWZAHpS8nP22hA3tORds',
  'x-forwarded-host': 'localhost:3000',
  'x-forwarded-port': '3000',
  'x-forwarded-proto': 'http',
  'x-forwarded-for': '::1'
}
FormData parsed successfully
FormData entries:
Total entries: 1
  image: File(病历文书.JPG, size: 76342)
Processing image: 病历文书.JPG, size: 76342
Saved temp file: /Users/binmacbook/Desktop/autogens（kilo&gemini7.11）/temp/9855ce4f-79c8-4d20-bd6e-af195b562edc_病历文书.JPG
Deleted temp file: /Users/binmacbook/Desktop/autogens（kilo&gemini7.11）/temp/9855ce4f-79c8-4d20-bd6e-af195b562edc_病历文书.JPG
Python script exited with code 1
Python error output: 
 POST /api/recognize-single-image 500 in 2256ms
=== Received image recognition request ===
Request headers: Headers {
  host: 'localhost:3000',
  connection: 'keep-alive',
  'content-length': '37963',
  'sec-ch-ua-platform': '"macOS"',
  'user-agent': 'Mozilla/5.0 (Macintosh; Intel Mac OS X 10_15_7) AppleWebKit/537.36 (KHTML, like Gecko) Chrome/138.0.0.0 Safari/537.36',
  'sec-ch-ua': '"Not)A;Brand";v="8", "Chromium";v="138", "Google Chrome";v="138"',
  'content-type': 'multipart/form-data; boundary=----WebKitFormBoundarynvUlneHmgssmQPXa',
  'sec-ch-ua-mobile': '?0',
  accept: '*/*',
  origin: 'http://localhost:3000',
  'sec-fetch-site': 'same-origin',
  'sec-fetch-mode': 'cors',
  'sec-fetch-dest': 'empty',
  referer: 'http://localhost:3000/',
  'accept-encoding': 'gzip, deflate, br, zstd',
  'accept-language': 'zh-CN,zh;q=0.9',
  cookie: 'rl_page_init_referrer=RudderEncrypt%3AU2FsdGVkX19PQRSTbxQmntSXY3V1RKTFYBWui3%2BsYNk%3D; rl_page_init_referring_domain=RudderEncrypt%3AU2FsdGVkX19WZl09o2IcU%2Bx18TP2Wxzh5bTF7HF8YMo%3D; rl_anonymous_id=RudderEncrypt%3AU2FsdGVkX183njKEj8NenLXNMk91PfFH4EwzfSL3ubC8SpLVmviERMNyVm40vwf617yGJT19CgdYl5RxWQJqCg%3D%3D; rl_user_id=RudderEncrypt%3AU2FsdGVkX1%2FDiOgiquOGrkT9NzQEzvNm7FJfyw0RRZvGtKrPmK4rvUqDDAs4iHs2p3nHPDzJaX0frO6pMhNrmV%2BJO4YOiAW5VUAfXgdlipf2jYU%2ByXmBJVxXM59wesRHHiL9tKsK8AFxlJdSgYANI46c1n%2F6PSxfhC%2BveDE7HW8%3D; rl_trait=RudderEncrypt%3AU2FsdGVkX1%2BvzS8SnJ3udQMreGOJFIn1K19SBWh0YVnuEqtiaE8RyvdcLH7AWdla%2BI7zJCov4XiZ47HZQY2uLfWDvn%2BoNrsC6vuSXGh22gNrMlfXuRkiX4EPYobmLYH97vMUsZyycRs2hrDsGvVm7A%3D%3D; rl_session=RudderEncrypt%3AU2FsdGVkX19BDuWmaZO%2FYXBxvWFWJ4NqWW%2FWS2zUVhTI6yaMP42TWd2%2F8IUcC8iWJiA6au0Syjjlajsld%2FNR7Y%2FbfNsxS4o2MExMsLhvIURMpYr2K%2F8O2OUtcBOcOcomoQQo1hHFuAfYsfhLGk5hIg%3D%3D; ph_phc_4URIAm1uYfJO7j8kWSe0J8lc8IqnstRLS7Jx8NcakHo_posthog=%7B%22distinct_id%22%3A%22a0ffc13f7efdc2a741f5b2d604310d326ecceddbd697204b1fc1d898afa3a008%230541f89d-2f09-40c8-84f4-59d4e8d4b51b%22%2C%22%24sesid%22%3A%5Bnull%2Cnull%2Cnull%5D%2C%22%24epp%22%3Atrue%2C%22%24initial_person_info%22%3A%7B%22r%22%3A%22%24direct%22%2C%22u%22%3A%22http%3A%2F%2Flocalhost%3A5678%2Fsignout%22%7D%7D; n8n-auth=eyJhbGciOiJIUzI1NiIsInR5cCI6IkpXVCJ9.eyJpZCI6IjA1NDFmODlkLTJmMDktNDBjOC04NGY0LTU5ZDRlOGQ0YjUxYiIsImhhc2giOiJHeTV0RnZMUnY2IiwiYnJvd3NlcklkIjoiUW52L3JSWk9FNEtGQWFLWUpVcVAvTUNZK05yYUw2aFJmN29jUHdFV212Zz0iLCJpYXQiOjE3NTI1NjE1MDEsImV4cCI6MTc1MzE2NjMwMX0.8xGMGigzjsQKew-0kNLl1weiWZAHpS8nP22hA3tORds',
  'x-forwarded-host': 'localhost:3000',
  'x-forwarded-port': '3000',
  'x-forwarded-proto': 'http',
  'x-forwarded-for': '::1'
}
FormData parsed successfully
FormData entries:
Total entries: 1
  image: File(内分泌科会诊记录.JPG, size: 37760)
Processing image: 内分泌科会诊记录.JPG, size: 37760
Saved temp file: /Users/binmacbook/Desktop/autogens（kilo&gemini7.11）/temp/2a826652-005a-4735-84dd-b3415674f6d3_内分泌科会诊记录.JPG
Deleted temp file: /Users/binmacbook/Desktop/autogens（kilo&gemini7.11）/temp/2a826652-005a-4735-84dd-b3415674f6d3_内分泌科会诊记录.JPG
Python script exited with code 1
Python error output: 
 POST /api/recognize-single-image 500 in 716ms
=== Received image recognition request ===
Request headers: Headers {
  host: 'localhost:3000',
  connection: 'keep-alive',
  'content-length': '49530',
  'sec-ch-ua-platform': '"macOS"',
  'user-agent': 'Mozilla/5.0 (Macintosh; Intel Mac OS X 10_15_7) AppleWebKit/537.36 (KHTML, like Gecko) Chrome/138.0.0.0 Safari/537.36',
  'sec-ch-ua': '"Not)A;Brand";v="8", "Chromium";v="138", "Google Chrome";v="138"',
  'content-type': 'multipart/form-data; boundary=----WebKitFormBoundary1EbnmRDaLEC2BdAA',
  'sec-ch-ua-mobile': '?0',
  accept: '*/*',
  origin: 'http://localhost:3000',
  'sec-fetch-site': 'same-origin',
  'sec-fetch-mode': 'cors',
  'sec-fetch-dest': 'empty',
  referer: 'http://localhost:3000/',
  'accept-encoding': 'gzip, deflate, br, zstd',
  'accept-language': 'zh-CN,zh;q=0.9',
  cookie: 'rl_page_init_referrer=RudderEncrypt%3AU2FsdGVkX19PQRSTbxQmntSXY3V1RKTFYBWui3%2BsYNk%3D; rl_page_init_referring_domain=RudderEncrypt%3AU2FsdGVkX19WZl09o2IcU%2Bx18TP2Wxzh5bTF7HF8YMo%3D; rl_anonymous_id=RudderEncrypt%3AU2FsdGVkX183njKEj8NenLXNMk91PfFH4EwzfSL3ubC8SpLVmviERMNyVm40vwf617yGJT19CgdYl5RxWQJqCg%3D%3D; rl_user_id=RudderEncrypt%3AU2FsdGVkX1%2FDiOgiquOGrkT9NzQEzvNm7FJfyw0RRZvGtKrPmK4rvUqDDAs4iHs2p3nHPDzJaX0frO6pMhNrmV%2BJO4YOiAW5VUAfXgdlipf2jYU%2ByXmBJVxXM59wesRHHiL9tKsK8AFxlJdSgYANI46c1n%2F6PSxfhC%2BveDE7HW8%3D; rl_trait=RudderEncrypt%3AU2FsdGVkX1%2BvzS8SnJ3udQMreGOJFIn1K19SBWh0YVnuEqtiaE8RyvdcLH7AWdla%2BI7zJCov4XiZ47HZQY2uLfWDvn%2BoNrsC6vuSXGh22gNrMlfXuRkiX4EPYobmLYH97vMUsZyycRs2hrDsGvVm7A%3D%3D; rl_session=RudderEncrypt%3AU2FsdGVkX19BDuWmaZO%2FYXBxvWFWJ4NqWW%2FWS2zUVhTI6yaMP42TWd2%2F8IUcC8iWJiA6au0Syjjlajsld%2FNR7Y%2FbfNsxS4o2MExMsLhvIURMpYr2K%2F8O2OUtcBOcOcomoQQo1hHFuAfYsfhLGk5hIg%3D%3D; ph_phc_4URIAm1uYfJO7j8kWSe0J8lc8IqnstRLS7Jx8NcakHo_posthog=%7B%22distinct_id%22%3A%22a0ffc13f7efdc2a741f5b2d604310d326ecceddbd697204b1fc1d898afa3a008%230541f89d-2f09-40c8-84f4-59d4e8d4b51b%22%2C%22%24sesid%22%3A%5Bnull%2Cnull%2Cnull%5D%2C%22%24epp%22%3Atrue%2C%22%24initial_person_info%22%3A%7B%22r%22%3A%22%24direct%22%2C%22u%22%3A%22http%3A%2F%2Flocalhost%3A5678%2Fsignout%22%7D%7D; n8n-auth=eyJhbGciOiJIUzI1NiIsInR5cCI6IkpXVCJ9.eyJpZCI6IjA1NDFmODlkLTJmMDktNDBjOC04NGY0LTU5ZDRlOGQ0YjUxYiIsImhhc2giOiJHeTV0RnZMUnY2IiwiYnJvd3NlcklkIjoiUW52L3JSWk9FNEtGQWFLWUpVcVAvTUNZK05yYUw2aFJmN29jUHdFV212Zz0iLCJpYXQiOjE3NTI1NjE1MDEsImV4cCI6MTc1MzE2NjMwMX0.8xGMGigzjsQKew-0kNLl1weiWZAHpS8nP22hA3tORds',
  'x-forwarded-host': 'localhost:3000',
  'x-forwarded-port': '3000',
  'x-forwarded-proto': 'http',
  'x-forwarded-for': '::1'
}
FormData parsed successfully
FormData entries:
Total entries: 1
  image: File(生化检查.JPG, size: 49339)
Processing image: 生化检查.JPG, size: 49339
Saved temp file: /Users/binmacbook/Desktop/autogens（kilo&gemini7.11）/temp/853e7a4a-3ed1-4427-bedd-c52bafd4916d_生化检查.JPG
Deleted temp file: /Users/binmacbook/Desktop/autogens（kilo&gemini7.11）/temp/853e7a4a-3ed1-4427-bedd-c52bafd4916d_生化检查.JPG
Python script exited with code 1
Python error output: 
 POST /api/recognize-single-image 500 in 709ms
=== Received image recognition request ===
Request headers: Headers {
  host: 'localhost:3000',
  connection: 'keep-alive',
  'content-length': '49404',
  'sec-ch-ua-platform': '"macOS"',
  'user-agent': 'Mozilla/5.0 (Macintosh; Intel Mac OS X 10_15_7) AppleWebKit/537.36 (KHTML, like Gecko) Chrome/138.0.0.0 Safari/537.36',
  'sec-ch-ua': '"Not)A;Brand";v="8", "Chromium";v="138", "Google Chrome";v="138"',
  'content-type': 'multipart/form-data; boundary=----WebKitFormBoundarygn0yBaCtTCtnBRN2',
  'sec-ch-ua-mobile': '?0',
  accept: '*/*',
  origin: 'http://localhost:3000',
  'sec-fetch-site': 'same-origin',
  'sec-fetch-mode': 'cors',
  'sec-fetch-dest': 'empty',
  referer: 'http://localhost:3000/',
  'accept-encoding': 'gzip, deflate, br, zstd',
  'accept-language': 'zh-CN,zh;q=0.9',
  cookie: 'rl_page_init_referrer=RudderEncrypt%3AU2FsdGVkX19PQRSTbxQmntSXY3V1RKTFYBWui3%2BsYNk%3D; rl_page_init_referring_domain=RudderEncrypt%3AU2FsdGVkX19WZl09o2IcU%2Bx18TP2Wxzh5bTF7HF8YMo%3D; rl_anonymous_id=RudderEncrypt%3AU2FsdGVkX183njKEj8NenLXNMk91PfFH4EwzfSL3ubC8SpLVmviERMNyVm40vwf617yGJT19CgdYl5RxWQJqCg%3D%3D; rl_user_id=RudderEncrypt%3AU2FsdGVkX1%2FDiOgiquOGrkT9NzQEzvNm7FJfyw0RRZvGtKrPmK4rvUqDDAs4iHs2p3nHPDzJaX0frO6pMhNrmV%2BJO4YOiAW5VUAfXgdlipf2jYU%2ByXmBJVxXM59wesRHHiL9tKsK8AFxlJdSgYANI46c1n%2F6PSxfhC%2BveDE7HW8%3D; rl_trait=RudderEncrypt%3AU2FsdGVkX1%2BvzS8SnJ3udQMreGOJFIn1K19SBWh0YVnuEqtiaE8RyvdcLH7AWdla%2BI7zJCov4XiZ47HZQY2uLfWDvn%2BoNrsC6vuSXGh22gNrMlfXuRkiX4EPYobmLYH97vMUsZyycRs2hrDsGvVm7A%3D%3D; rl_session=RudderEncrypt%3AU2FsdGVkX19BDuWmaZO%2FYXBxvWFWJ4NqWW%2FWS2zUVhTI6yaMP42TWd2%2F8IUcC8iWJiA6au0Syjjlajsld%2FNR7Y%2FbfNsxS4o2MExMsLhvIURMpYr2K%2F8O2OUtcBOcOcomoQQo1hHFuAfYsfhLGk5hIg%3D%3D; ph_phc_4URIAm1uYfJO7j8kWSe0J8lc8IqnstRLS7Jx8NcakHo_posthog=%7B%22distinct_id%22%3A%22a0ffc13f7efdc2a741f5b2d604310d326ecceddbd697204b1fc1d898afa3a008%230541f89d-2f09-40c8-84f4-59d4e8d4b51b%22%2C%22%24sesid%22%3A%5Bnull%2Cnull%2Cnull%5D%2C%22%24epp%22%3Atrue%2C%22%24initial_person_info%22%3A%7B%22r%22%3A%22%24direct%22%2C%22u%22%3A%22http%3A%2F%2Flocalhost%3A5678%2Fsignout%22%7D%7D; n8n-auth=eyJhbGciOiJIUzI1NiIsInR5cCI6IkpXVCJ9.eyJpZCI6IjA1NDFmODlkLTJmMDktNDBjOC04NGY0LTU5ZDRlOGQ0YjUxYiIsImhhc2giOiJHeTV0RnZMUnY2IiwiYnJvd3NlcklkIjoiUW52L3JSWk9FNEtGQWFLWUpVcVAvTUNZK05yYUw2aFJmN29jUHdFV212Zz0iLCJpYXQiOjE3NTI1NjE1MDEsImV4cCI6MTc1MzE2NjMwMX0.8xGMGigzjsQKew-0kNLl1weiWZAHpS8nP22hA3tORds',
  'x-forwarded-host': 'localhost:3000',
  'x-forwarded-port': '3000',
  'x-forwarded-proto': 'http',
  'x-forwarded-for': '::1'
}
FormData parsed successfully
FormData entries:
Total entries: 1
  image: File(血常规.JPG, size: 49216)
Processing image: 血常规.JPG, size: 49216
Saved temp file: /Users/binmacbook/Desktop/autogens（kilo&gemini7.11）/temp/920edbb4-7a96-4772-9795-86f5d5a24c44_血常规.JPG
Deleted temp file: /Users/binmacbook/Desktop/autogens（kilo&gemini7.11）/temp/920edbb4-7a96-4772-9795-86f5d5a24c44_血常规.JPG
Python script exited with code 1
Python error output: 
 POST /api/recognize-single-image 500 in 709ms
=== Received image recognition request ===
Request headers: Headers {
  host: 'localhost:3000',
  connection: 'keep-alive',
  'content-length': '49929',
  'sec-ch-ua-platform': '"macOS"',
  'user-agent': 'Mozilla/5.0 (Macintosh; Intel Mac OS X 10_15_7) AppleWebKit/537.36 (KHTML, like Gecko) Chrome/138.0.0.0 Safari/537.36',
  'sec-ch-ua': '"Not)A;Brand";v="8", "Chromium";v="138", "Google Chrome";v="138"',
  'content-type': 'multipart/form-data; boundary=----WebKitFormBoundaryL6CvkSiA51lcf4Bf',
  'sec-ch-ua-mobile': '?0',
  accept: '*/*',
  origin: 'http://localhost:3000',
  'sec-fetch-site': 'same-origin',
  'sec-fetch-mode': 'cors',
  'sec-fetch-dest': 'empty',
  referer: 'http://localhost:3000/',
  'accept-encoding': 'gzip, deflate, br, zstd',
  'accept-language': 'zh-CN,zh;q=0.9',
  cookie: 'rl_page_init_referrer=RudderEncrypt%3AU2FsdGVkX19PQRSTbxQmntSXY3V1RKTFYBWui3%2BsYNk%3D; rl_page_init_referring_domain=RudderEncrypt%3AU2FsdGVkX19WZl09o2IcU%2Bx18TP2Wxzh5bTF7HF8YMo%3D; rl_anonymous_id=RudderEncrypt%3AU2FsdGVkX183njKEj8NenLXNMk91PfFH4EwzfSL3ubC8SpLVmviERMNyVm40vwf617yGJT19CgdYl5RxWQJqCg%3D%3D; rl_user_id=RudderEncrypt%3AU2FsdGVkX1%2FDiOgiquOGrkT9NzQEzvNm7FJfyw0RRZvGtKrPmK4rvUqDDAs4iHs2p3nHPDzJaX0frO6pMhNrmV%2BJO4YOiAW5VUAfXgdlipf2jYU%2ByXmBJVxXM59wesRHHiL9tKsK8AFxlJdSgYANI46c1n%2F6PSxfhC%2BveDE7HW8%3D; rl_trait=RudderEncrypt%3AU2FsdGVkX1%2BvzS8SnJ3udQMreGOJFIn1K19SBWh0YVnuEqtiaE8RyvdcLH7AWdla%2BI7zJCov4XiZ47HZQY2uLfWDvn%2BoNrsC6vuSXGh22gNrMlfXuRkiX4EPYobmLYH97vMUsZyycRs2hrDsGvVm7A%3D%3D; rl_session=RudderEncrypt%3AU2FsdGVkX19BDuWmaZO%2FYXBxvWFWJ4NqWW%2FWS2zUVhTI6yaMP42TWd2%2F8IUcC8iWJiA6au0Syjjlajsld%2FNR7Y%2FbfNsxS4o2MExMsLhvIURMpYr2K%2F8O2OUtcBOcOcomoQQo1hHFuAfYsfhLGk5hIg%3D%3D; ph_phc_4URIAm1uYfJO7j8kWSe0J8lc8IqnstRLS7Jx8NcakHo_posthog=%7B%22distinct_id%22%3A%22a0ffc13f7efdc2a741f5b2d604310d326ecceddbd697204b1fc1d898afa3a008%230541f89d-2f09-40c8-84f4-59d4e8d4b51b%22%2C%22%24sesid%22%3A%5Bnull%2Cnull%2Cnull%5D%2C%22%24epp%22%3Atrue%2C%22%24initial_person_info%22%3A%7B%22r%22%3A%22%24direct%22%2C%22u%22%3A%22http%3A%2F%2Flocalhost%3A5678%2Fsignout%22%7D%7D; n8n-auth=eyJhbGciOiJIUzI1NiIsInR5cCI6IkpXVCJ9.eyJpZCI6IjA1NDFmODlkLTJmMDktNDBjOC04NGY0LTU5ZDRlOGQ0YjUxYiIsImhhc2giOiJHeTV0RnZMUnY2IiwiYnJvd3NlcklkIjoiUW52L3JSWk9FNEtGQWFLWUpVcVAvTUNZK05yYUw2aFJmN29jUHdFV212Zz0iLCJpYXQiOjE3NTI1NjE1MDEsImV4cCI6MTc1MzE2NjMwMX0.8xGMGigzjsQKew-0kNLl1weiWZAHpS8nP22hA3tORds',
  'x-forwarded-host': 'localhost:3000',
  'x-forwarded-port': '3000',
  'x-forwarded-proto': 'http',
  'x-forwarded-for': '::1'
}
FormData parsed successfully
FormData entries:
Total entries: 1
  image: File(营养科会诊记录.JPG, size: 49729)
Processing image: 营养科会诊记录.JPG, size: 49729
Saved temp file: /Users/binmacbook/Desktop/autogens（kilo&gemini7.11）/temp/dcd96eb4-8548-44bb-94b1-40b29b6a055c_营养科会诊记录.JPG
Deleted temp file: /Users/binmacbook/Desktop/autogens（kilo&gemini7.11）/temp/dcd96eb4-8548-44bb-94b1-40b29b6a055c_营养科会诊记录.JPG
Python script exited with code 1
Python error output: 
 POST /api/recognize-single-image 500 in 708ms
=== Received image recognition request ===
Request headers: Headers {
  host: 'localhost:3000',
  connection: 'keep-alive',
  'content-length': '12217',
  'sec-ch-ua-platform': '"macOS"',
  'user-agent': 'Mozilla/5.0 (Macintosh; Intel Mac OS X 10_15_7) AppleWebKit/537.36 (KHTML, like Gecko) Chrome/138.0.0.0 Safari/537.36',
  'sec-ch-ua': '"Not)A;Brand";v="8", "Chromium";v="138", "Google Chrome";v="138"',
  'content-type': 'multipart/form-data; boundary=----WebKitFormBoundaryt5HAlgf3ngg9OILQ',
  'sec-ch-ua-mobile': '?0',
  accept: '*/*',
  origin: 'http://localhost:3000',
  'sec-fetch-site': 'same-origin',
  'sec-fetch-mode': 'cors',
  'sec-fetch-dest': 'empty',
  referer: 'http://localhost:3000/',
  'accept-encoding': 'gzip, deflate, br, zstd',
  'accept-language': 'zh-CN,zh;q=0.9',
  cookie: 'rl_page_init_referrer=RudderEncrypt%3AU2FsdGVkX19PQRSTbxQmntSXY3V1RKTFYBWui3%2BsYNk%3D; rl_page_init_referring_domain=RudderEncrypt%3AU2FsdGVkX19WZl09o2IcU%2Bx18TP2Wxzh5bTF7HF8YMo%3D; rl_anonymous_id=RudderEncrypt%3AU2FsdGVkX183njKEj8NenLXNMk91PfFH4EwzfSL3ubC8SpLVmviERMNyVm40vwf617yGJT19CgdYl5RxWQJqCg%3D%3D; rl_user_id=RudderEncrypt%3AU2FsdGVkX1%2FDiOgiquOGrkT9NzQEzvNm7FJfyw0RRZvGtKrPmK4rvUqDDAs4iHs2p3nHPDzJaX0frO6pMhNrmV%2BJO4YOiAW5VUAfXgdlipf2jYU%2ByXmBJVxXM59wesRHHiL9tKsK8AFxlJdSgYANI46c1n%2F6PSxfhC%2BveDE7HW8%3D; rl_trait=RudderEncrypt%3AU2FsdGVkX1%2BvzS8SnJ3udQMreGOJFIn1K19SBWh0YVnuEqtiaE8RyvdcLH7AWdla%2BI7zJCov4XiZ47HZQY2uLfWDvn%2BoNrsC6vuSXGh22gNrMlfXuRkiX4EPYobmLYH97vMUsZyycRs2hrDsGvVm7A%3D%3D; rl_session=RudderEncrypt%3AU2FsdGVkX19BDuWmaZO%2FYXBxvWFWJ4NqWW%2FWS2zUVhTI6yaMP42TWd2%2F8IUcC8iWJiA6au0Syjjlajsld%2FNR7Y%2FbfNsxS4o2MExMsLhvIURMpYr2K%2F8O2OUtcBOcOcomoQQo1hHFuAfYsfhLGk5hIg%3D%3D; ph_phc_4URIAm1uYfJO7j8kWSe0J8lc8IqnstRLS7Jx8NcakHo_posthog=%7B%22distinct_id%22%3A%22a0ffc13f7efdc2a741f5b2d604310d326ecceddbd697204b1fc1d898afa3a008%230541f89d-2f09-40c8-84f4-59d4e8d4b51b%22%2C%22%24sesid%22%3A%5Bnull%2Cnull%2Cnull%5D%2C%22%24epp%22%3Atrue%2C%22%24initial_person_info%22%3A%7B%22r%22%3A%22%24direct%22%2C%22u%22%3A%22http%3A%2F%2Flocalhost%3A5678%2Fsignout%22%7D%7D; n8n-auth=eyJhbGciOiJIUzI1NiIsInR5cCI6IkpXVCJ9.eyJpZCI6IjA1NDFmODlkLTJmMDktNDBjOC04NGY0LTU5ZDRlOGQ0YjUxYiIsImhhc2giOiJHeTV0RnZMUnY2IiwiYnJvd3NlcklkIjoiUW52L3JSWk9FNEtGQWFLWUpVcVAvTUNZK05yYUw2aFJmN29jUHdFV212Zz0iLCJpYXQiOjE3NTI1NjE1MDEsImV4cCI6MTc1MzE2NjMwMX0.8xGMGigzjsQKew-0kNLl1weiWZAHpS8nP22hA3tORds',
  'x-forwarded-host': 'localhost:3000',
  'x-forwarded-port': '3000',
  'x-forwarded-proto': 'http',
  'x-forwarded-for': '::1'
}
FormData parsed successfully
FormData entries:
Total entries: 1
  image: File(NRS2002评分.JPG, size: 12025)
Processing image: NRS2002评分.JPG, size: 12025
Saved temp file: /Users/binmacbook/Desktop/autogens（kilo&gemini7.11）/temp/3d192b84-6935-40fc-a8c7-d98ec66084e8_NRS2002评分.JPG
Deleted temp file: /Users/binmacbook/Desktop/autogens（kilo&gemini7.11）/temp/3d192b84-6935-40fc-a8c7-d98ec66084e8_NRS2002评分.JPG
Python script exited with code 1
Python error output: 
 POST /api/recognize-single-image 500 in 707ms
=== Received image recognition request ===
Request headers: Headers {
  host: 'localhost:3000',
  connection: 'keep-alive',
  'content-length': '76533',
  'sec-ch-ua-platform': '"macOS"',
  'user-agent': 'Mozilla/5.0 (Macintosh; Intel Mac OS X 10_15_7) AppleWebKit/537.36 (KHTML, like Gecko) Chrome/138.0.0.0 Safari/537.36',
  'sec-ch-ua': '"Not)A;Brand";v="8", "Chromium";v="138", "Google Chrome";v="138"',
  'content-type': 'multipart/form-data; boundary=----WebKitFormBoundaryKq72GSFsVUxJg6NK',
  'sec-ch-ua-mobile': '?0',
  accept: '*/*',
  origin: 'http://localhost:3000',
  'sec-fetch-site': 'same-origin',
  'sec-fetch-mode': 'cors',
  'sec-fetch-dest': 'empty',
  referer: 'http://localhost:3000/',
  'accept-encoding': 'gzip, deflate, br, zstd',
  'accept-language': 'zh-CN,zh;q=0.9',
  cookie: 'rl_page_init_referrer=RudderEncrypt%3AU2FsdGVkX19PQRSTbxQmntSXY3V1RKTFYBWui3%2BsYNk%3D; rl_page_init_referring_domain=RudderEncrypt%3AU2FsdGVkX19WZl09o2IcU%2Bx18TP2Wxzh5bTF7HF8YMo%3D; rl_anonymous_id=RudderEncrypt%3AU2FsdGVkX183njKEj8NenLXNMk91PfFH4EwzfSL3ubC8SpLVmviERMNyVm40vwf617yGJT19CgdYl5RxWQJqCg%3D%3D; rl_user_id=RudderEncrypt%3AU2FsdGVkX1%2FDiOgiquOGrkT9NzQEzvNm7FJfyw0RRZvGtKrPmK4rvUqDDAs4iHs2p3nHPDzJaX0frO6pMhNrmV%2BJO4YOiAW5VUAfXgdlipf2jYU%2ByXmBJVxXM59wesRHHiL9tKsK8AFxlJdSgYANI46c1n%2F6PSxfhC%2BveDE7HW8%3D; rl_trait=RudderEncrypt%3AU2FsdGVkX1%2BvzS8SnJ3udQMreGOJFIn1K19SBWh0YVnuEqtiaE8RyvdcLH7AWdla%2BI7zJCov4XiZ47HZQY2uLfWDvn%2BoNrsC6vuSXGh22gNrMlfXuRkiX4EPYobmLYH97vMUsZyycRs2hrDsGvVm7A%3D%3D; rl_session=RudderEncrypt%3AU2FsdGVkX19BDuWmaZO%2FYXBxvWFWJ4NqWW%2FWS2zUVhTI6yaMP42TWd2%2F8IUcC8iWJiA6au0Syjjlajsld%2FNR7Y%2FbfNsxS4o2MExMsLhvIURMpYr2K%2F8O2OUtcBOcOcomoQQo1hHFuAfYsfhLGk5hIg%3D%3D; ph_phc_4URIAm1uYfJO7j8kWSe0J8lc8IqnstRLS7Jx8NcakHo_posthog=%7B%22distinct_id%22%3A%22a0ffc13f7efdc2a741f5b2d604310d326ecceddbd697204b1fc1d898afa3a008%230541f89d-2f09-40c8-84f4-59d4e8d4b51b%22%2C%22%24sesid%22%3A%5Bnull%2Cnull%2Cnull%5D%2C%22%24epp%22%3Atrue%2C%22%24initial_person_info%22%3A%7B%22r%22%3A%22%24direct%22%2C%22u%22%3A%22http%3A%2F%2Flocalhost%3A5678%2Fsignout%22%7D%7D; n8n-auth=eyJhbGciOiJIUzI1NiIsInR5cCI6IkpXVCJ9.eyJpZCI6IjA1NDFmODlkLTJmMDktNDBjOC04NGY0LTU5ZDRlOGQ0YjUxYiIsImhhc2giOiJHeTV0RnZMUnY2IiwiYnJvd3NlcklkIjoiUW52L3JSWk9FNEtGQWFLWUpVcVAvTUNZK05yYUw2aFJmN29jUHdFV212Zz0iLCJpYXQiOjE3NTI1NjE1MDEsImV4cCI6MTc1MzE2NjMwMX0.8xGMGigzjsQKew-0kNLl1weiWZAHpS8nP22hA3tORds',
  'x-forwarded-host': 'localhost:3000',
  'x-forwarded-port': '3000',
  'x-forwarded-proto': 'http',
  'x-forwarded-for': '::1'
}
FormData parsed successfully
FormData entries:
Total entries: 1
  image: File(病历文书.JPG, size: 76342)
Processing image: 病历文书.JPG, size: 76342
Saved temp file: /Users/binmacbook/Desktop/autogens（kilo&gemini7.11）/temp/34fbda9c-fbac-4be7-aadd-4703598b20c6_病历文书.JPG
Deleted temp file: /Users/binmacbook/Desktop/autogens（kilo&gemini7.11）/temp/34fbda9c-fbac-4be7-aadd-4703598b20c6_病历文书.JPG
Python script exited with code 1
Python error output: 
 POST /api/recognize-single-image 500 in 934ms
=== Received image recognition request ===
Request headers: Headers {
  host: 'localhost:3000',
  connection: 'keep-alive',
  'content-length': '37963',
  'sec-ch-ua-platform': '"macOS"',
  'user-agent': 'Mozilla/5.0 (Macintosh; Intel Mac OS X 10_15_7) AppleWebKit/537.36 (KHTML, like Gecko) Chrome/138.0.0.0 Safari/537.36',
  'sec-ch-ua': '"Not)A;Brand";v="8", "Chromium";v="138", "Google Chrome";v="138"',
  'content-type': 'multipart/form-data; boundary=----WebKitFormBoundarysYXu8nEytdBPd3WY',
  'sec-ch-ua-mobile': '?0',
  accept: '*/*',
  origin: 'http://localhost:3000',
  'sec-fetch-site': 'same-origin',
  'sec-fetch-mode': 'cors',
  'sec-fetch-dest': 'empty',
  referer: 'http://localhost:3000/',
  'accept-encoding': 'gzip, deflate, br, zstd',
  'accept-language': 'zh-CN,zh;q=0.9',
  cookie: 'rl_page_init_referrer=RudderEncrypt%3AU2FsdGVkX19PQRSTbxQmntSXY3V1RKTFYBWui3%2BsYNk%3D; rl_page_init_referring_domain=RudderEncrypt%3AU2FsdGVkX19WZl09o2IcU%2Bx18TP2Wxzh5bTF7HF8YMo%3D; rl_anonymous_id=RudderEncrypt%3AU2FsdGVkX183njKEj8NenLXNMk91PfFH4EwzfSL3ubC8SpLVmviERMNyVm40vwf617yGJT19CgdYl5RxWQJqCg%3D%3D; rl_user_id=RudderEncrypt%3AU2FsdGVkX1%2FDiOgiquOGrkT9NzQEzvNm7FJfyw0RRZvGtKrPmK4rvUqDDAs4iHs2p3nHPDzJaX0frO6pMhNrmV%2BJO4YOiAW5VUAfXgdlipf2jYU%2ByXmBJVxXM59wesRHHiL9tKsK8AFxlJdSgYANI46c1n%2F6PSxfhC%2BveDE7HW8%3D; rl_trait=RudderEncrypt%3AU2FsdGVkX1%2BvzS8SnJ3udQMreGOJFIn1K19SBWh0YVnuEqtiaE8RyvdcLH7AWdla%2BI7zJCov4XiZ47HZQY2uLfWDvn%2BoNrsC6vuSXGh22gNrMlfXuRkiX4EPYobmLYH97vMUsZyycRs2hrDsGvVm7A%3D%3D; rl_session=RudderEncrypt%3AU2FsdGVkX19BDuWmaZO%2FYXBxvWFWJ4NqWW%2FWS2zUVhTI6yaMP42TWd2%2F8IUcC8iWJiA6au0Syjjlajsld%2FNR7Y%2FbfNsxS4o2MExMsLhvIURMpYr2K%2F8O2OUtcBOcOcomoQQo1hHFuAfYsfhLGk5hIg%3D%3D; ph_phc_4URIAm1uYfJO7j8kWSe0J8lc8IqnstRLS7Jx8NcakHo_posthog=%7B%22distinct_id%22%3A%22a0ffc13f7efdc2a741f5b2d604310d326ecceddbd697204b1fc1d898afa3a008%230541f89d-2f09-40c8-84f4-59d4e8d4b51b%22%2C%22%24sesid%22%3A%5Bnull%2Cnull%2Cnull%5D%2C%22%24epp%22%3Atrue%2C%22%24initial_person_info%22%3A%7B%22r%22%3A%22%24direct%22%2C%22u%22%3A%22http%3A%2F%2Flocalhost%3A5678%2Fsignout%22%7D%7D; n8n-auth=eyJhbGciOiJIUzI1NiIsInR5cCI6IkpXVCJ9.eyJpZCI6IjA1NDFmODlkLTJmMDktNDBjOC04NGY0LTU5ZDRlOGQ0YjUxYiIsImhhc2giOiJHeTV0RnZMUnY2IiwiYnJvd3NlcklkIjoiUW52L3JSWk9FNEtGQWFLWUpVcVAvTUNZK05yYUw2aFJmN29jUHdFV212Zz0iLCJpYXQiOjE3NTI1NjE1MDEsImV4cCI6MTc1MzE2NjMwMX0.8xGMGigzjsQKew-0kNLl1weiWZAHpS8nP22hA3tORds',
  'x-forwarded-host': 'localhost:3000',
  'x-forwarded-port': '3000',
  'x-forwarded-proto': 'http',
  'x-forwarded-for': '::1'
}
FormData parsed successfully
FormData entries:
Total entries: 1
  image: File(内分泌科会诊记录.JPG, size: 37760)
Processing image: 内分泌科会诊记录.JPG, size: 37760
Saved temp file: /Users/binmacbook/Desktop/autogens（kilo&gemini7.11）/temp/3e8938ab-78c0-4a04-8863-3213da0e1964_内分泌科会诊记录.JPG
Deleted temp file: /Users/binmacbook/Desktop/autogens（kilo&gemini7.11）/temp/3e8938ab-78c0-4a04-8863-3213da0e1964_内分泌科会诊记录.JPG
Python script exited with code 1
Python error output: 
 POST /api/recognize-single-image 500 in 703ms
=== Received image recognition request ===
Request headers: Headers {
  host: 'localhost:3000',
  connection: 'keep-alive',
  'content-length': '49530',
  'sec-ch-ua-platform': '"macOS"',
  'user-agent': 'Mozilla/5.0 (Macintosh; Intel Mac OS X 10_15_7) AppleWebKit/537.36 (KHTML, like Gecko) Chrome/138.0.0.0 Safari/537.36',
  'sec-ch-ua': '"Not)A;Brand";v="8", "Chromium";v="138", "Google Chrome";v="138"',
  'content-type': 'multipart/form-data; boundary=----WebKitFormBoundaryiJnKwt7qyILdIDKS',
  'sec-ch-ua-mobile': '?0',
  accept: '*/*',
  origin: 'http://localhost:3000',
  'sec-fetch-site': 'same-origin',
  'sec-fetch-mode': 'cors',
  'sec-fetch-dest': 'empty',
  referer: 'http://localhost:3000/',
  'accept-encoding': 'gzip, deflate, br, zstd',
  'accept-language': 'zh-CN,zh;q=0.9',
  cookie: 'rl_page_init_referrer=RudderEncrypt%3AU2FsdGVkX19PQRSTbxQmntSXY3V1RKTFYBWui3%2BsYNk%3D; rl_page_init_referring_domain=RudderEncrypt%3AU2FsdGVkX19WZl09o2IcU%2Bx18TP2Wxzh5bTF7HF8YMo%3D; rl_anonymous_id=RudderEncrypt%3AU2FsdGVkX183njKEj8NenLXNMk91PfFH4EwzfSL3ubC8SpLVmviERMNyVm40vwf617yGJT19CgdYl5RxWQJqCg%3D%3D; rl_user_id=RudderEncrypt%3AU2FsdGVkX1%2FDiOgiquOGrkT9NzQEzvNm7FJfyw0RRZvGtKrPmK4rvUqDDAs4iHs2p3nHPDzJaX0frO6pMhNrmV%2BJO4YOiAW5VUAfXgdlipf2jYU%2ByXmBJVxXM59wesRHHiL9tKsK8AFxlJdSgYANI46c1n%2F6PSxfhC%2BveDE7HW8%3D; rl_trait=RudderEncrypt%3AU2FsdGVkX1%2BvzS8SnJ3udQMreGOJFIn1K19SBWh0YVnuEqtiaE8RyvdcLH7AWdla%2BI7zJCov4XiZ47HZQY2uLfWDvn%2BoNrsC6vuSXGh22gNrMlfXuRkiX4EPYobmLYH97vMUsZyycRs2hrDsGvVm7A%3D%3D; rl_session=RudderEncrypt%3AU2FsdGVkX19BDuWmaZO%2FYXBxvWFWJ4NqWW%2FWS2zUVhTI6yaMP42TWd2%2F8IUcC8iWJiA6au0Syjjlajsld%2FNR7Y%2FbfNsxS4o2MExMsLhvIURMpYr2K%2F8O2OUtcBOcOcomoQQo1hHFuAfYsfhLGk5hIg%3D%3D; ph_phc_4URIAm1uYfJO7j8kWSe0J8lc8IqnstRLS7Jx8NcakHo_posthog=%7B%22distinct_id%22%3A%22a0ffc13f7efdc2a741f5b2d604310d326ecceddbd697204b1fc1d898afa3a008%230541f89d-2f09-40c8-84f4-59d4e8d4b51b%22%2C%22%24sesid%22%3A%5Bnull%2Cnull%2Cnull%5D%2C%22%24epp%22%3Atrue%2C%22%24initial_person_info%22%3A%7B%22r%22%3A%22%24direct%22%2C%22u%22%3A%22http%3A%2F%2Flocalhost%3A5678%2Fsignout%22%7D%7D; n8n-auth=eyJhbGciOiJIUzI1NiIsInR5cCI6IkpXVCJ9.eyJpZCI6IjA1NDFmODlkLTJmMDktNDBjOC04NGY0LTU5ZDRlOGQ0YjUxYiIsImhhc2giOiJHeTV0RnZMUnY2IiwiYnJvd3NlcklkIjoiUW52L3JSWk9FNEtGQWFLWUpVcVAvTUNZK05yYUw2aFJmN29jUHdFV212Zz0iLCJpYXQiOjE3NTI1NjE1MDEsImV4cCI6MTc1MzE2NjMwMX0.8xGMGigzjsQKew-0kNLl1weiWZAHpS8nP22hA3tORds',
  'x-forwarded-host': 'localhost:3000',
  'x-forwarded-port': '3000',
  'x-forwarded-proto': 'http',
  'x-forwarded-for': '::1'
}
FormData parsed successfully
FormData entries:
Total entries: 1
  image: File(生化检查.JPG, size: 49339)
Processing image: 生化检查.JPG, size: 49339
Saved temp file: /Users/binmacbook/Desktop/autogens（kilo&gemini7.11）/temp/a026df79-8ff6-4a30-a85c-b388ad11f160_生化检查.JPG
Deleted temp file: /Users/binmacbook/Desktop/autogens（kilo&gemini7.11）/temp/a026df79-8ff6-4a30-a85c-b388ad11f160_生化检查.JPG
Python script exited with code 1
Python error output: 
 POST /api/recognize-single-image 500 in 723ms
=== Received image recognition request ===
Request headers: Headers {
  host: 'localhost:3000',
  connection: 'keep-alive',
  'content-length': '49404',
  'sec-ch-ua-platform': '"macOS"',
  'user-agent': 'Mozilla/5.0 (Macintosh; Intel Mac OS X 10_15_7) AppleWebKit/537.36 (KHTML, like Gecko) Chrome/138.0.0.0 Safari/537.36',
  'sec-ch-ua': '"Not)A;Brand";v="8", "Chromium";v="138", "Google Chrome";v="138"',
  'content-type': 'multipart/form-data; boundary=----WebKitFormBoundarydmhngpxtte9G0DBd',
  'sec-ch-ua-mobile': '?0',
  accept: '*/*',
  origin: 'http://localhost:3000',
  'sec-fetch-site': 'same-origin',
  'sec-fetch-mode': 'cors',
  'sec-fetch-dest': 'empty',
  referer: 'http://localhost:3000/',
  'accept-encoding': 'gzip, deflate, br, zstd',
  'accept-language': 'zh-CN,zh;q=0.9',
  cookie: 'rl_page_init_referrer=RudderEncrypt%3AU2FsdGVkX19PQRSTbxQmntSXY3V1RKTFYBWui3%2BsYNk%3D; rl_page_init_referring_domain=RudderEncrypt%3AU2FsdGVkX19WZl09o2IcU%2Bx18TP2Wxzh5bTF7HF8YMo%3D; rl_anonymous_id=RudderEncrypt%3AU2FsdGVkX183njKEj8NenLXNMk91PfFH4EwzfSL3ubC8SpLVmviERMNyVm40vwf617yGJT19CgdYl5RxWQJqCg%3D%3D; rl_user_id=RudderEncrypt%3AU2FsdGVkX1%2FDiOgiquOGrkT9NzQEzvNm7FJfyw0RRZvGtKrPmK4rvUqDDAs4iHs2p3nHPDzJaX0frO6pMhNrmV%2BJO4YOiAW5VUAfXgdlipf2jYU%2ByXmBJVxXM59wesRHHiL9tKsK8AFxlJdSgYANI46c1n%2F6PSxfhC%2BveDE7HW8%3D; rl_trait=RudderEncrypt%3AU2FsdGVkX1%2BvzS8SnJ3udQMreGOJFIn1K19SBWh0YVnuEqtiaE8RyvdcLH7AWdla%2BI7zJCov4XiZ47HZQY2uLfWDvn%2BoNrsC6vuSXGh22gNrMlfXuRkiX4EPYobmLYH97vMUsZyycRs2hrDsGvVm7A%3D%3D; rl_session=RudderEncrypt%3AU2FsdGVkX19BDuWmaZO%2FYXBxvWFWJ4NqWW%2FWS2zUVhTI6yaMP42TWd2%2F8IUcC8iWJiA6au0Syjjlajsld%2FNR7Y%2FbfNsxS4o2MExMsLhvIURMpYr2K%2F8O2OUtcBOcOcomoQQo1hHFuAfYsfhLGk5hIg%3D%3D; ph_phc_4URIAm1uYfJO7j8kWSe0J8lc8IqnstRLS7Jx8NcakHo_posthog=%7B%22distinct_id%22%3A%22a0ffc13f7efdc2a741f5b2d604310d326ecceddbd697204b1fc1d898afa3a008%230541f89d-2f09-40c8-84f4-59d4e8d4b51b%22%2C%22%24sesid%22%3A%5Bnull%2Cnull%2Cnull%5D%2C%22%24epp%22%3Atrue%2C%22%24initial_person_info%22%3A%7B%22r%22%3A%22%24direct%22%2C%22u%22%3A%22http%3A%2F%2Flocalhost%3A5678%2Fsignout%22%7D%7D; n8n-auth=eyJhbGciOiJIUzI1NiIsInR5cCI6IkpXVCJ9.eyJpZCI6IjA1NDFmODlkLTJmMDktNDBjOC04NGY0LTU5ZDRlOGQ0YjUxYiIsImhhc2giOiJHeTV0RnZMUnY2IiwiYnJvd3NlcklkIjoiUW52L3JSWk9FNEtGQWFLWUpVcVAvTUNZK05yYUw2aFJmN29jUHdFV212Zz0iLCJpYXQiOjE3NTI1NjE1MDEsImV4cCI6MTc1MzE2NjMwMX0.8xGMGigzjsQKew-0kNLl1weiWZAHpS8nP22hA3tORds',
  'x-forwarded-host': 'localhost:3000',
  'x-forwarded-port': '3000',
  'x-forwarded-proto': 'http',
  'x-forwarded-for': '::1'
}
FormData parsed successfully
FormData entries:
Total entries: 1
  image: File(血常规.JPG, size: 49216)
Processing image: 血常规.JPG, size: 49216
Saved temp file: /Users/binmacbook/Desktop/autogens（kilo&gemini7.11）/temp/25ff957a-4700-4565-9c3f-2d91c69dabf9_血常规.JPG
Deleted temp file: /Users/binmacbook/Desktop/autogens（kilo&gemini7.11）/temp/25ff957a-4700-4565-9c3f-2d91c69dabf9_血常规.JPG
Python script exited with code 1
Python error output: 
 POST /api/recognize-single-image 500 in 708ms
=== Received image recognition request ===
Request headers: Headers {
  host: 'localhost:3000',
  connection: 'keep-alive',
  'content-length': '49929',
  'sec-ch-ua-platform': '"macOS"',
  'user-agent': 'Mozilla/5.0 (Macintosh; Intel Mac OS X 10_15_7) AppleWebKit/537.36 (KHTML, like Gecko) Chrome/138.0.0.0 Safari/537.36',
  'sec-ch-ua': '"Not)A;Brand";v="8", "Chromium";v="138", "Google Chrome";v="138"',
  'content-type': 'multipart/form-data; boundary=----WebKitFormBoundaryPQBjAzSxMwXPSi2b',
  'sec-ch-ua-mobile': '?0',
  accept: '*/*',
  origin: 'http://localhost:3000',
  'sec-fetch-site': 'same-origin',
  'sec-fetch-mode': 'cors',
  'sec-fetch-dest': 'empty',
  referer: 'http://localhost:3000/',
  'accept-encoding': 'gzip, deflate, br, zstd',
  'accept-language': 'zh-CN,zh;q=0.9',
  cookie: 'rl_page_init_referrer=RudderEncrypt%3AU2FsdGVkX19PQRSTbxQmntSXY3V1RKTFYBWui3%2BsYNk%3D; rl_page_init_referring_domain=RudderEncrypt%3AU2FsdGVkX19WZl09o2IcU%2Bx18TP2Wxzh5bTF7HF8YMo%3D; rl_anonymous_id=RudderEncrypt%3AU2FsdGVkX183njKEj8NenLXNMk91PfFH4EwzfSL3ubC8SpLVmviERMNyVm40vwf617yGJT19CgdYl5RxWQJqCg%3D%3D; rl_user_id=RudderEncrypt%3AU2FsdGVkX1%2FDiOgiquOGrkT9NzQEzvNm7FJfyw0RRZvGtKrPmK4rvUqDDAs4iHs2p3nHPDzJaX0frO6pMhNrmV%2BJO4YOiAW5VUAfXgdlipf2jYU%2ByXmBJVxXM59wesRHHiL9tKsK8AFxlJdSgYANI46c1n%2F6PSxfhC%2BveDE7HW8%3D; rl_trait=RudderEncrypt%3AU2FsdGVkX1%2BvzS8SnJ3udQMreGOJFIn1K19SBWh0YVnuEqtiaE8RyvdcLH7AWdla%2BI7zJCov4XiZ47HZQY2uLfWDvn%2BoNrsC6vuSXGh22gNrMlfXuRkiX4EPYobmLYH97vMUsZyycRs2hrDsGvVm7A%3D%3D; rl_session=RudderEncrypt%3AU2FsdGVkX19BDuWmaZO%2FYXBxvWFWJ4NqWW%2FWS2zUVhTI6yaMP42TWd2%2F8IUcC8iWJiA6au0Syjjlajsld%2FNR7Y%2FbfNsxS4o2MExMsLhvIURMpYr2K%2F8O2OUtcBOcOcomoQQo1hHFuAfYsfhLGk5hIg%3D%3D; ph_phc_4URIAm1uYfJO7j8kWSe0J8lc8IqnstRLS7Jx8NcakHo_posthog=%7B%22distinct_id%22%3A%22a0ffc13f7efdc2a741f5b2d604310d326ecceddbd697204b1fc1d898afa3a008%230541f89d-2f09-40c8-84f4-59d4e8d4b51b%22%2C%22%24sesid%22%3A%5Bnull%2Cnull%2Cnull%5D%2C%22%24epp%22%3Atrue%2C%22%24initial_person_info%22%3A%7B%22r%22%3A%22%24direct%22%2C%22u%22%3A%22http%3A%2F%2Flocalhost%3A5678%2Fsignout%22%7D%7D; n8n-auth=eyJhbGciOiJIUzI1NiIsInR5cCI6IkpXVCJ9.eyJpZCI6IjA1NDFmODlkLTJmMDktNDBjOC04NGY0LTU5ZDRlOGQ0YjUxYiIsImhhc2giOiJHeTV0RnZMUnY2IiwiYnJvd3NlcklkIjoiUW52L3JSWk9FNEtGQWFLWUpVcVAvTUNZK05yYUw2aFJmN29jUHdFV212Zz0iLCJpYXQiOjE3NTI1NjE1MDEsImV4cCI6MTc1MzE2NjMwMX0.8xGMGigzjsQKew-0kNLl1weiWZAHpS8nP22hA3tORds',
  'x-forwarded-host': 'localhost:3000',
  'x-forwarded-port': '3000',
  'x-forwarded-proto': 'http',
  'x-forwarded-for': '::1'
}
FormData parsed successfully
FormData entries:
Total entries: 1
  image: File(营养科会诊记录.JPG, size: 49729)
Processing image: 营养科会诊记录.JPG, size: 49729
Saved temp file: /Users/binmacbook/Desktop/autogens（kilo&gemini7.11）/temp/d22c6f0d-bd30-4ba2-b13f-91003fbcbaa0_营养科会诊记录.JPG
Deleted temp file: /Users/binmacbook/Desktop/autogens（kilo&gemini7.11）/temp/d22c6f0d-bd30-4ba2-b13f-91003fbcbaa0_营养科会诊记录.JPG
Python script exited with code 1
Python error output: 
 POST /api/recognize-single-image 500 in 716ms
=== Received image recognition request ===
Request headers: Headers {
  host: 'localhost:3000',
  connection: 'keep-alive',
  'content-length': '12217',
  'sec-ch-ua-platform': '"macOS"',
  'user-agent': 'Mozilla/5.0 (Macintosh; Intel Mac OS X 10_15_7) AppleWebKit/537.36 (KHTML, like Gecko) Chrome/138.0.0.0 Safari/537.36',
  'sec-ch-ua': '"Not)A;Brand";v="8", "Chromium";v="138", "Google Chrome";v="138"',
  'content-type': 'multipart/form-data; boundary=----WebKitFormBoundaryTxUXf3CzRTi6zXFN',
  'sec-ch-ua-mobile': '?0',
  accept: '*/*',
  origin: 'http://localhost:3000',
  'sec-fetch-site': 'same-origin',
  'sec-fetch-mode': 'cors',
  'sec-fetch-dest': 'empty',
  referer: 'http://localhost:3000/',
  'accept-encoding': 'gzip, deflate, br, zstd',
  'accept-language': 'zh-CN,zh;q=0.9',
  cookie: 'rl_page_init_referrer=RudderEncrypt%3AU2FsdGVkX19PQRSTbxQmntSXY3V1RKTFYBWui3%2BsYNk%3D; rl_page_init_referring_domain=RudderEncrypt%3AU2FsdGVkX19WZl09o2IcU%2Bx18TP2Wxzh5bTF7HF8YMo%3D; rl_anonymous_id=RudderEncrypt%3AU2FsdGVkX183njKEj8NenLXNMk91PfFH4EwzfSL3ubC8SpLVmviERMNyVm40vwf617yGJT19CgdYl5RxWQJqCg%3D%3D; rl_user_id=RudderEncrypt%3AU2FsdGVkX1%2FDiOgiquOGrkT9NzQEzvNm7FJfyw0RRZvGtKrPmK4rvUqDDAs4iHs2p3nHPDzJaX0frO6pMhNrmV%2BJO4YOiAW5VUAfXgdlipf2jYU%2ByXmBJVxXM59wesRHHiL9tKsK8AFxlJdSgYANI46c1n%2F6PSxfhC%2BveDE7HW8%3D; rl_trait=RudderEncrypt%3AU2FsdGVkX1%2BvzS8SnJ3udQMreGOJFIn1K19SBWh0YVnuEqtiaE8RyvdcLH7AWdla%2BI7zJCov4XiZ47HZQY2uLfWDvn%2BoNrsC6vuSXGh22gNrMlfXuRkiX4EPYobmLYH97vMUsZyycRs2hrDsGvVm7A%3D%3D; rl_session=RudderEncrypt%3AU2FsdGVkX19BDuWmaZO%2FYXBxvWFWJ4NqWW%2FWS2zUVhTI6yaMP42TWd2%2F8IUcC8iWJiA6au0Syjjlajsld%2FNR7Y%2FbfNsxS4o2MExMsLhvIURMpYr2K%2F8O2OUtcBOcOcomoQQo1hHFuAfYsfhLGk5hIg%3D%3D; ph_phc_4URIAm1uYfJO7j8kWSe0J8lc8IqnstRLS7Jx8NcakHo_posthog=%7B%22distinct_id%22%3A%22a0ffc13f7efdc2a741f5b2d604310d326ecceddbd697204b1fc1d898afa3a008%230541f89d-2f09-40c8-84f4-59d4e8d4b51b%22%2C%22%24sesid%22%3A%5Bnull%2Cnull%2Cnull%5D%2C%22%24epp%22%3Atrue%2C%22%24initial_person_info%22%3A%7B%22r%22%3A%22%24direct%22%2C%22u%22%3A%22http%3A%2F%2Flocalhost%3A5678%2Fsignout%22%7D%7D; n8n-auth=eyJhbGciOiJIUzI1NiIsInR5cCI6IkpXVCJ9.eyJpZCI6IjA1NDFmODlkLTJmMDktNDBjOC04NGY0LTU5ZDRlOGQ0YjUxYiIsImhhc2giOiJHeTV0RnZMUnY2IiwiYnJvd3NlcklkIjoiUW52L3JSWk9FNEtGQWFLWUpVcVAvTUNZK05yYUw2aFJmN29jUHdFV212Zz0iLCJpYXQiOjE3NTI1NjE1MDEsImV4cCI6MTc1MzE2NjMwMX0.8xGMGigzjsQKew-0kNLl1weiWZAHpS8nP22hA3tORds',
  'x-forwarded-host': 'localhost:3000',
  'x-forwarded-port': '3000',
  'x-forwarded-proto': 'http',
  'x-forwarded-for': '::1'
}
FormData parsed successfully
FormData entries:
Total entries: 1
  image: File(NRS2002评分.JPG, size: 12025)
Processing image: NRS2002评分.JPG, size: 12025
Saved temp file: /Users/binmacbook/Desktop/autogens（kilo&gemini7.11）/temp/684e6fbd-3cfc-4cf1-b19e-e06ce645cfd3_NRS2002评分.JPG
Deleted temp file: /Users/binmacbook/Desktop/autogens（kilo&gemini7.11）/temp/684e6fbd-3cfc-4cf1-b19e-e06ce645cfd3_NRS2002评分.JPG
Python script exited with code 1
Python error output: 
 POST /api/recognize-single-image 500 in 710ms
=== Received image recognition request ===
Request headers: Headers {
  host: 'localhost:3000',
  connection: 'keep-alive',
  'content-length': '76533',
  'sec-ch-ua-platform': '"macOS"',
  'user-agent': 'Mozilla/5.0 (Macintosh; Intel Mac OS X 10_15_7) AppleWebKit/537.36 (KHTML, like Gecko) Chrome/138.0.0.0 Safari/537.36',
  'sec-ch-ua': '"Not)A;Brand";v="8", "Chromium";v="138", "Google Chrome";v="138"',
  'content-type': 'multipart/form-data; boundary=----WebKitFormBoundary8Brzww9eDLnQuVsF',
  'sec-ch-ua-mobile': '?0',
  accept: '*/*',
  origin: 'http://localhost:3000',
  'sec-fetch-site': 'same-origin',
  'sec-fetch-mode': 'cors',
  'sec-fetch-dest': 'empty',
  referer: 'http://localhost:3000/',
  'accept-encoding': 'gzip, deflate, br, zstd',
  'accept-language': 'zh-CN,zh;q=0.9',
  cookie: 'rl_page_init_referrer=RudderEncrypt%3AU2FsdGVkX19PQRSTbxQmntSXY3V1RKTFYBWui3%2BsYNk%3D; rl_page_init_referring_domain=RudderEncrypt%3AU2FsdGVkX19WZl09o2IcU%2Bx18TP2Wxzh5bTF7HF8YMo%3D; rl_anonymous_id=RudderEncrypt%3AU2FsdGVkX183njKEj8NenLXNMk91PfFH4EwzfSL3ubC8SpLVmviERMNyVm40vwf617yGJT19CgdYl5RxWQJqCg%3D%3D; rl_user_id=RudderEncrypt%3AU2FsdGVkX1%2FDiOgiquOGrkT9NzQEzvNm7FJfyw0RRZvGtKrPmK4rvUqDDAs4iHs2p3nHPDzJaX0frO6pMhNrmV%2BJO4YOiAW5VUAfXgdlipf2jYU%2ByXmBJVxXM59wesRHHiL9tKsK8AFxlJdSgYANI46c1n%2F6PSxfhC%2BveDE7HW8%3D; rl_trait=RudderEncrypt%3AU2FsdGVkX1%2BvzS8SnJ3udQMreGOJFIn1K19SBWh0YVnuEqtiaE8RyvdcLH7AWdla%2BI7zJCov4XiZ47HZQY2uLfWDvn%2BoNrsC6vuSXGh22gNrMlfXuRkiX4EPYobmLYH97vMUsZyycRs2hrDsGvVm7A%3D%3D; rl_session=RudderEncrypt%3AU2FsdGVkX19BDuWmaZO%2FYXBxvWFWJ4NqWW%2FWS2zUVhTI6yaMP42TWd2%2F8IUcC8iWJiA6au0Syjjlajsld%2FNR7Y%2FbfNsxS4o2MExMsLhvIURMpYr2K%2F8O2OUtcBOcOcomoQQo1hHFuAfYsfhLGk5hIg%3D%3D; ph_phc_4URIAm1uYfJO7j8kWSe0J8lc8IqnstRLS7Jx8NcakHo_posthog=%7B%22distinct_id%22%3A%22a0ffc13f7efdc2a741f5b2d604310d326ecceddbd697204b1fc1d898afa3a008%230541f89d-2f09-40c8-84f4-59d4e8d4b51b%22%2C%22%24sesid%22%3A%5Bnull%2Cnull%2Cnull%5D%2C%22%24epp%22%3Atrue%2C%22%24initial_person_info%22%3A%7B%22r%22%3A%22%24direct%22%2C%22u%22%3A%22http%3A%2F%2Flocalhost%3A5678%2Fsignout%22%7D%7D; n8n-auth=eyJhbGciOiJIUzI1NiIsInR5cCI6IkpXVCJ9.eyJpZCI6IjA1NDFmODlkLTJmMDktNDBjOC04NGY0LTU5ZDRlOGQ0YjUxYiIsImhhc2giOiJHeTV0RnZMUnY2IiwiYnJvd3NlcklkIjoiUW52L3JSWk9FNEtGQWFLWUpVcVAvTUNZK05yYUw2aFJmN29jUHdFV212Zz0iLCJpYXQiOjE3NTI1NjE1MDEsImV4cCI6MTc1MzE2NjMwMX0.8xGMGigzjsQKew-0kNLl1weiWZAHpS8nP22hA3tORds',
  'x-forwarded-host': 'localhost:3000',
  'x-forwarded-port': '3000',
  'x-forwarded-proto': 'http',
  'x-forwarded-for': '::1'
}
FormData parsed successfully
FormData entries:
Total entries: 1
  image: File(病历文书.JPG, size: 76342)
Processing image: 病历文书.JPG, size: 76342
Saved temp file: /Users/binmacbook/Desktop/autogens（kilo&gemini7.11）/temp/2cc0d581-5dc5-4887-ab2d-5d2c596924c3_病历文书.JPG
Deleted temp file: /Users/binmacbook/Desktop/autogens（kilo&gemini7.11）/temp/2cc0d581-5dc5-4887-ab2d-5d2c596924c3_病历文书.JPG
Python script exited with code 1
Python error output: 
 POST /api/recognize-single-image 500 in 1061ms
=== Received image recognition request ===
Request headers: Headers {
  host: 'localhost:3000',
  connection: 'keep-alive',
  'content-length': '37963',
  'sec-ch-ua-platform': '"macOS"',
  'user-agent': 'Mozilla/5.0 (Macintosh; Intel Mac OS X 10_15_7) AppleWebKit/537.36 (KHTML, like Gecko) Chrome/138.0.0.0 Safari/537.36',
  'sec-ch-ua': '"Not)A;Brand";v="8", "Chromium";v="138", "Google Chrome";v="138"',
  'content-type': 'multipart/form-data; boundary=----WebKitFormBoundaryjCJDHRIHOQtthdaX',
  'sec-ch-ua-mobile': '?0',
  accept: '*/*',
  origin: 'http://localhost:3000',
  'sec-fetch-site': 'same-origin',
  'sec-fetch-mode': 'cors',
  'sec-fetch-dest': 'empty',
  referer: 'http://localhost:3000/',
  'accept-encoding': 'gzip, deflate, br, zstd',
  'accept-language': 'zh-CN,zh;q=0.9',
  cookie: 'rl_page_init_referrer=RudderEncrypt%3AU2FsdGVkX19PQRSTbxQmntSXY3V1RKTFYBWui3%2BsYNk%3D; rl_page_init_referring_domain=RudderEncrypt%3AU2FsdGVkX19WZl09o2IcU%2Bx18TP2Wxzh5bTF7HF8YMo%3D; rl_anonymous_id=RudderEncrypt%3AU2FsdGVkX183njKEj8NenLXNMk91PfFH4EwzfSL3ubC8SpLVmviERMNyVm40vwf617yGJT19CgdYl5RxWQJqCg%3D%3D; rl_user_id=RudderEncrypt%3AU2FsdGVkX1%2FDiOgiquOGrkT9NzQEzvNm7FJfyw0RRZvGtKrPmK4rvUqDDAs4iHs2p3nHPDzJaX0frO6pMhNrmV%2BJO4YOiAW5VUAfXgdlipf2jYU%2ByXmBJVxXM59wesRHHiL9tKsK8AFxlJdSgYANI46c1n%2F6PSxfhC%2BveDE7HW8%3D; rl_trait=RudderEncrypt%3AU2FsdGVkX1%2BvzS8SnJ3udQMreGOJFIn1K19SBWh0YVnuEqtiaE8RyvdcLH7AWdla%2BI7zJCov4XiZ47HZQY2uLfWDvn%2BoNrsC6vuSXGh22gNrMlfXuRkiX4EPYobmLYH97vMUsZyycRs2hrDsGvVm7A%3D%3D; rl_session=RudderEncrypt%3AU2FsdGVkX19BDuWmaZO%2FYXBxvWFWJ4NqWW%2FWS2zUVhTI6yaMP42TWd2%2F8IUcC8iWJiA6au0Syjjlajsld%2FNR7Y%2FbfNsxS4o2MExMsLhvIURMpYr2K%2F8O2OUtcBOcOcomoQQo1hHFuAfYsfhLGk5hIg%3D%3D; ph_phc_4URIAm1uYfJO7j8kWSe0J8lc8IqnstRLS7Jx8NcakHo_posthog=%7B%22distinct_id%22%3A%22a0ffc13f7efdc2a741f5b2d604310d326ecceddbd697204b1fc1d898afa3a008%230541f89d-2f09-40c8-84f4-59d4e8d4b51b%22%2C%22%24sesid%22%3A%5Bnull%2Cnull%2Cnull%5D%2C%22%24epp%22%3Atrue%2C%22%24initial_person_info%22%3A%7B%22r%22%3A%22%24direct%22%2C%22u%22%3A%22http%3A%2F%2Flocalhost%3A5678%2Fsignout%22%7D%7D; n8n-auth=eyJhbGciOiJIUzI1NiIsInR5cCI6IkpXVCJ9.eyJpZCI6IjA1NDFmODlkLTJmMDktNDBjOC04NGY0LTU5ZDRlOGQ0YjUxYiIsImhhc2giOiJHeTV0RnZMUnY2IiwiYnJvd3NlcklkIjoiUW52L3JSWk9FNEtGQWFLWUpVcVAvTUNZK05yYUw2aFJmN29jUHdFV212Zz0iLCJpYXQiOjE3NTI1NjE1MDEsImV4cCI6MTc1MzE2NjMwMX0.8xGMGigzjsQKew-0kNLl1weiWZAHpS8nP22hA3tORds',
  'x-forwarded-host': 'localhost:3000',
  'x-forwarded-port': '3000',
  'x-forwarded-proto': 'http',
  'x-forwarded-for': '::1'
}
FormData parsed successfully
FormData entries:
Total entries: 1
  image: File(内分泌科会诊记录.JPG, size: 37760)
Processing image: 内分泌科会诊记录.JPG, size: 37760
Saved temp file: /Users/binmacbook/Desktop/autogens（kilo&gemini7.11）/temp/e40e916b-f07d-40a5-a9b5-fa26c82da3d5_内分泌科会诊记录.JPG
Deleted temp file: /Users/binmacbook/Desktop/autogens（kilo&gemini7.11）/temp/e40e916b-f07d-40a5-a9b5-fa26c82da3d5_内分泌科会诊记录.JPG
Python script exited with code 1
Python error output: 
 POST /api/recognize-single-image 500 in 715ms
=== Received image recognition request ===
Request headers: Headers {
  host: 'localhost:3000',
  connection: 'keep-alive',
  'content-length': '49530',
  'sec-ch-ua-platform': '"macOS"',
  'user-agent': 'Mozilla/5.0 (Macintosh; Intel Mac OS X 10_15_7) AppleWebKit/537.36 (KHTML, like Gecko) Chrome/138.0.0.0 Safari/537.36',
  'sec-ch-ua': '"Not)A;Brand";v="8", "Chromium";v="138", "Google Chrome";v="138"',
  'content-type': 'multipart/form-data; boundary=----WebKitFormBoundaryKIB33s6jXcRYhsF7',
  'sec-ch-ua-mobile': '?0',
  accept: '*/*',
  origin: 'http://localhost:3000',
  'sec-fetch-site': 'same-origin',
  'sec-fetch-mode': 'cors',
  'sec-fetch-dest': 'empty',
  referer: 'http://localhost:3000/',
  'accept-encoding': 'gzip, deflate, br, zstd',
  'accept-language': 'zh-CN,zh;q=0.9',
  cookie: 'rl_page_init_referrer=RudderEncrypt%3AU2FsdGVkX19PQRSTbxQmntSXY3V1RKTFYBWui3%2BsYNk%3D; rl_page_init_referring_domain=RudderEncrypt%3AU2FsdGVkX19WZl09o2IcU%2Bx18TP2Wxzh5bTF7HF8YMo%3D; rl_anonymous_id=RudderEncrypt%3AU2FsdGVkX183njKEj8NenLXNMk91PfFH4EwzfSL3ubC8SpLVmviERMNyVm40vwf617yGJT19CgdYl5RxWQJqCg%3D%3D; rl_user_id=RudderEncrypt%3AU2FsdGVkX1%2FDiOgiquOGrkT9NzQEzvNm7FJfyw0RRZvGtKrPmK4rvUqDDAs4iHs2p3nHPDzJaX0frO6pMhNrmV%2BJO4YOiAW5VUAfXgdlipf2jYU%2ByXmBJVxXM59wesRHHiL9tKsK8AFxlJdSgYANI46c1n%2F6PSxfhC%2BveDE7HW8%3D; rl_trait=RudderEncrypt%3AU2FsdGVkX1%2BvzS8SnJ3udQMreGOJFIn1K19SBWh0YVnuEqtiaE8RyvdcLH7AWdla%2BI7zJCov4XiZ47HZQY2uLfWDvn%2BoNrsC6vuSXGh22gNrMlfXuRkiX4EPYobmLYH97vMUsZyycRs2hrDsGvVm7A%3D%3D; rl_session=RudderEncrypt%3AU2FsdGVkX19BDuWmaZO%2FYXBxvWFWJ4NqWW%2FWS2zUVhTI6yaMP42TWd2%2F8IUcC8iWJiA6au0Syjjlajsld%2FNR7Y%2FbfNsxS4o2MExMsLhvIURMpYr2K%2F8O2OUtcBOcOcomoQQo1hHFuAfYsfhLGk5hIg%3D%3D; ph_phc_4URIAm1uYfJO7j8kWSe0J8lc8IqnstRLS7Jx8NcakHo_posthog=%7B%22distinct_id%22%3A%22a0ffc13f7efdc2a741f5b2d604310d326ecceddbd697204b1fc1d898afa3a008%230541f89d-2f09-40c8-84f4-59d4e8d4b51b%22%2C%22%24sesid%22%3A%5Bnull%2Cnull%2Cnull%5D%2C%22%24epp%22%3Atrue%2C%22%24initial_person_info%22%3A%7B%22r%22%3A%22%24direct%22%2C%22u%22%3A%22http%3A%2F%2Flocalhost%3A5678%2Fsignout%22%7D%7D; n8n-auth=eyJhbGciOiJIUzI1NiIsInR5cCI6IkpXVCJ9.eyJpZCI6IjA1NDFmODlkLTJmMDktNDBjOC04NGY0LTU5ZDRlOGQ0YjUxYiIsImhhc2giOiJHeTV0RnZMUnY2IiwiYnJvd3NlcklkIjoiUW52L3JSWk9FNEtGQWFLWUpVcVAvTUNZK05yYUw2aFJmN29jUHdFV212Zz0iLCJpYXQiOjE3NTI1NjE1MDEsImV4cCI6MTc1MzE2NjMwMX0.8xGMGigzjsQKew-0kNLl1weiWZAHpS8nP22hA3tORds',
  'x-forwarded-host': 'localhost:3000',
  'x-forwarded-port': '3000',
  'x-forwarded-proto': 'http',
  'x-forwarded-for': '::1'
}
FormData parsed successfully
FormData entries:
Total entries: 1
  image: File(生化检查.JPG, size: 49339)
Processing image: 生化检查.JPG, size: 49339
Saved temp file: /Users/binmacbook/Desktop/autogens（kilo&gemini7.11）/temp/294433ff-8029-4417-be78-02c102f940e7_生化检查.JPG
Deleted temp file: /Users/binmacbook/Desktop/autogens（kilo&gemini7.11）/temp/294433ff-8029-4417-be78-02c102f940e7_生化检查.JPG
Python script exited with code 1
Python error output: 
 POST /api/recognize-single-image 500 in 708ms
=== Received image recognition request ===
Request headers: Headers {
  host: 'localhost:3000',
  connection: 'keep-alive',
  'content-length': '49404',
  'sec-ch-ua-platform': '"macOS"',
  'user-agent': 'Mozilla/5.0 (Macintosh; Intel Mac OS X 10_15_7) AppleWebKit/537.36 (KHTML, like Gecko) Chrome/138.0.0.0 Safari/537.36',
  'sec-ch-ua': '"Not)A;Brand";v="8", "Chromium";v="138", "Google Chrome";v="138"',
  'content-type': 'multipart/form-data; boundary=----WebKitFormBoundaryddszPhLA2UbQBID7',
  'sec-ch-ua-mobile': '?0',
  accept: '*/*',
  origin: 'http://localhost:3000',
  'sec-fetch-site': 'same-origin',
  'sec-fetch-mode': 'cors',
  'sec-fetch-dest': 'empty',
  referer: 'http://localhost:3000/',
  'accept-encoding': 'gzip, deflate, br, zstd',
  'accept-language': 'zh-CN,zh;q=0.9',
  cookie: 'rl_page_init_referrer=RudderEncrypt%3AU2FsdGVkX19PQRSTbxQmntSXY3V1RKTFYBWui3%2BsYNk%3D; rl_page_init_referring_domain=RudderEncrypt%3AU2FsdGVkX19WZl09o2IcU%2Bx18TP2Wxzh5bTF7HF8YMo%3D; rl_anonymous_id=RudderEncrypt%3AU2FsdGVkX183njKEj8NenLXNMk91PfFH4EwzfSL3ubC8SpLVmviERMNyVm40vwf617yGJT19CgdYl5RxWQJqCg%3D%3D; rl_user_id=RudderEncrypt%3AU2FsdGVkX1%2FDiOgiquOGrkT9NzQEzvNm7FJfyw0RRZvGtKrPmK4rvUqDDAs4iHs2p3nHPDzJaX0frO6pMhNrmV%2BJO4YOiAW5VUAfXgdlipf2jYU%2ByXmBJVxXM59wesRHHiL9tKsK8AFxlJdSgYANI46c1n%2F6PSxfhC%2BveDE7HW8%3D; rl_trait=RudderEncrypt%3AU2FsdGVkX1%2BvzS8SnJ3udQMreGOJFIn1K19SBWh0YVnuEqtiaE8RyvdcLH7AWdla%2BI7zJCov4XiZ47HZQY2uLfWDvn%2BoNrsC6vuSXGh22gNrMlfXuRkiX4EPYobmLYH97vMUsZyycRs2hrDsGvVm7A%3D%3D; rl_session=RudderEncrypt%3AU2FsdGVkX19BDuWmaZO%2FYXBxvWFWJ4NqWW%2FWS2zUVhTI6yaMP42TWd2%2F8IUcC8iWJiA6au0Syjjlajsld%2FNR7Y%2FbfNsxS4o2MExMsLhvIURMpYr2K%2F8O2OUtcBOcOcomoQQo1hHFuAfYsfhLGk5hIg%3D%3D; ph_phc_4URIAm1uYfJO7j8kWSe0J8lc8IqnstRLS7Jx8NcakHo_posthog=%7B%22distinct_id%22%3A%22a0ffc13f7efdc2a741f5b2d604310d326ecceddbd697204b1fc1d898afa3a008%230541f89d-2f09-40c8-84f4-59d4e8d4b51b%22%2C%22%24sesid%22%3A%5Bnull%2Cnull%2Cnull%5D%2C%22%24epp%22%3Atrue%2C%22%24initial_person_info%22%3A%7B%22r%22%3A%22%24direct%22%2C%22u%22%3A%22http%3A%2F%2Flocalhost%3A5678%2Fsignout%22%7D%7D; n8n-auth=eyJhbGciOiJIUzI1NiIsInR5cCI6IkpXVCJ9.eyJpZCI6IjA1NDFmODlkLTJmMDktNDBjOC04NGY0LTU5ZDRlOGQ0YjUxYiIsImhhc2giOiJHeTV0RnZMUnY2IiwiYnJvd3NlcklkIjoiUW52L3JSWk9FNEtGQWFLWUpVcVAvTUNZK05yYUw2aFJmN29jUHdFV212Zz0iLCJpYXQiOjE3NTI1NjE1MDEsImV4cCI6MTc1MzE2NjMwMX0.8xGMGigzjsQKew-0kNLl1weiWZAHpS8nP22hA3tORds',
  'x-forwarded-host': 'localhost:3000',
  'x-forwarded-port': '3000',
  'x-forwarded-proto': 'http',
  'x-forwarded-for': '::1'
}
FormData parsed successfully
FormData entries:
Total entries: 1
  image: File(血常规.JPG, size: 49216)
Processing image: 血常规.JPG, size: 49216
Saved temp file: /Users/binmacbook/Desktop/autogens（kilo&gemini7.11）/temp/6c145602-846f-43f9-afe4-ef8d55cd3ee0_血常规.JPG
Deleted temp file: /Users/binmacbook/Desktop/autogens（kilo&gemini7.11）/temp/6c145602-846f-43f9-afe4-ef8d55cd3ee0_血常规.JPG
Python script exited with code 1
Python error output: 
 POST /api/recognize-single-image 500 in 711ms
=== Received image recognition request ===
Request headers: Headers {
  host: 'localhost:3000',
  connection: 'keep-alive',
  'content-length': '49929',
  'sec-ch-ua-platform': '"macOS"',
  'user-agent': 'Mozilla/5.0 (Macintosh; Intel Mac OS X 10_15_7) AppleWebKit/537.36 (KHTML, like Gecko) Chrome/138.0.0.0 Safari/537.36',
  'sec-ch-ua': '"Not)A;Brand";v="8", "Chromium";v="138", "Google Chrome";v="138"',
  'content-type': 'multipart/form-data; boundary=----WebKitFormBoundarycgFUlzMGhSeFTVVr',
  'sec-ch-ua-mobile': '?0',
  accept: '*/*',
  origin: 'http://localhost:3000',
  'sec-fetch-site': 'same-origin',
  'sec-fetch-mode': 'cors',
  'sec-fetch-dest': 'empty',
  referer: 'http://localhost:3000/',
  'accept-encoding': 'gzip, deflate, br, zstd',
  'accept-language': 'zh-CN,zh;q=0.9',
  cookie: 'rl_page_init_referrer=RudderEncrypt%3AU2FsdGVkX19PQRSTbxQmntSXY3V1RKTFYBWui3%2BsYNk%3D; rl_page_init_referring_domain=RudderEncrypt%3AU2FsdGVkX19WZl09o2IcU%2Bx18TP2Wxzh5bTF7HF8YMo%3D; rl_anonymous_id=RudderEncrypt%3AU2FsdGVkX183njKEj8NenLXNMk91PfFH4EwzfSL3ubC8SpLVmviERMNyVm40vwf617yGJT19CgdYl5RxWQJqCg%3D%3D; rl_user_id=RudderEncrypt%3AU2FsdGVkX1%2FDiOgiquOGrkT9NzQEzvNm7FJfyw0RRZvGtKrPmK4rvUqDDAs4iHs2p3nHPDzJaX0frO6pMhNrmV%2BJO4YOiAW5VUAfXgdlipf2jYU%2ByXmBJVxXM59wesRHHiL9tKsK8AFxlJdSgYANI46c1n%2F6PSxfhC%2BveDE7HW8%3D; rl_trait=RudderEncrypt%3AU2FsdGVkX1%2BvzS8SnJ3udQMreGOJFIn1K19SBWh0YVnuEqtiaE8RyvdcLH7AWdla%2BI7zJCov4XiZ47HZQY2uLfWDvn%2BoNrsC6vuSXGh22gNrMlfXuRkiX4EPYobmLYH97vMUsZyycRs2hrDsGvVm7A%3D%3D; rl_session=RudderEncrypt%3AU2FsdGVkX19BDuWmaZO%2FYXBxvWFWJ4NqWW%2FWS2zUVhTI6yaMP42TWd2%2F8IUcC8iWJiA6au0Syjjlajsld%2FNR7Y%2FbfNsxS4o2MExMsLhvIURMpYr2K%2F8O2OUtcBOcOcomoQQo1hHFuAfYsfhLGk5hIg%3D%3D; ph_phc_4URIAm1uYfJO7j8kWSe0J8lc8IqnstRLS7Jx8NcakHo_posthog=%7B%22distinct_id%22%3A%22a0ffc13f7efdc2a741f5b2d604310d326ecceddbd697204b1fc1d898afa3a008%230541f89d-2f09-40c8-84f4-59d4e8d4b51b%22%2C%22%24sesid%22%3A%5Bnull%2Cnull%2Cnull%5D%2C%22%24epp%22%3Atrue%2C%22%24initial_person_info%22%3A%7B%22r%22%3A%22%24direct%22%2C%22u%22%3A%22http%3A%2F%2Flocalhost%3A5678%2Fsignout%22%7D%7D; n8n-auth=eyJhbGciOiJIUzI1NiIsInR5cCI6IkpXVCJ9.eyJpZCI6IjA1NDFmODlkLTJmMDktNDBjOC04NGY0LTU5ZDRlOGQ0YjUxYiIsImhhc2giOiJHeTV0RnZMUnY2IiwiYnJvd3NlcklkIjoiUW52L3JSWk9FNEtGQWFLWUpVcVAvTUNZK05yYUw2aFJmN29jUHdFV212Zz0iLCJpYXQiOjE3NTI1NjE1MDEsImV4cCI6MTc1MzE2NjMwMX0.8xGMGigzjsQKew-0kNLl1weiWZAHpS8nP22hA3tORds',
  'x-forwarded-host': 'localhost:3000',
  'x-forwarded-port': '3000',
  'x-forwarded-proto': 'http',
  'x-forwarded-for': '::1'
}
FormData parsed successfully
FormData entries:
Total entries: 1
  image: File(营养科会诊记录.JPG, size: 49729)
Processing image: 营养科会诊记录.JPG, size: 49729
Saved temp file: /Users/binmacbook/Desktop/autogens（kilo&gemini7.11）/temp/0e8da4e1-933a-4f3a-b5ea-162bcefd8fe7_营养科会诊记录.JPG
Deleted temp file: /Users/binmacbook/Desktop/autogens（kilo&gemini7.11）/temp/0e8da4e1-933a-4f3a-b5ea-162bcefd8fe7_营养科会诊记录.JPG
Python script exited with code 1
Python error output: 
 POST /api/recognize-single-image 500 in 703ms
=== Received image recognition request ===
Request headers: Headers {
  host: 'localhost:3000',
  connection: 'keep-alive',
  'content-length': '12217',
  'sec-ch-ua-platform': '"macOS"',
  'user-agent': 'Mozilla/5.0 (Macintosh; Intel Mac OS X 10_15_7) AppleWebKit/537.36 (KHTML, like Gecko) Chrome/138.0.0.0 Safari/537.36',
  'sec-ch-ua': '"Not)A;Brand";v="8", "Chromium";v="138", "Google Chrome";v="138"',
  'content-type': 'multipart/form-data; boundary=----WebKitFormBoundaryL6rMBjdOsTbTnAAp',
  'sec-ch-ua-mobile': '?0',
  accept: '*/*',
  origin: 'http://localhost:3000',
  'sec-fetch-site': 'same-origin',
  'sec-fetch-mode': 'cors',
  'sec-fetch-dest': 'empty',
  referer: 'http://localhost:3000/',
  'accept-encoding': 'gzip, deflate, br, zstd',
  'accept-language': 'zh-CN,zh;q=0.9',
  cookie: 'rl_page_init_referrer=RudderEncrypt%3AU2FsdGVkX19PQRSTbxQmntSXY3V1RKTFYBWui3%2BsYNk%3D; rl_page_init_referring_domain=RudderEncrypt%3AU2FsdGVkX19WZl09o2IcU%2Bx18TP2Wxzh5bTF7HF8YMo%3D; rl_anonymous_id=RudderEncrypt%3AU2FsdGVkX183njKEj8NenLXNMk91PfFH4EwzfSL3ubC8SpLVmviERMNyVm40vwf617yGJT19CgdYl5RxWQJqCg%3D%3D; rl_user_id=RudderEncrypt%3AU2FsdGVkX1%2FDiOgiquOGrkT9NzQEzvNm7FJfyw0RRZvGtKrPmK4rvUqDDAs4iHs2p3nHPDzJaX0frO6pMhNrmV%2BJO4YOiAW5VUAfXgdlipf2jYU%2ByXmBJVxXM59wesRHHiL9tKsK8AFxlJdSgYANI46c1n%2F6PSxfhC%2BveDE7HW8%3D; rl_trait=RudderEncrypt%3AU2FsdGVkX1%2BvzS8SnJ3udQMreGOJFIn1K19SBWh0YVnuEqtiaE8RyvdcLH7AWdla%2BI7zJCov4XiZ47HZQY2uLfWDvn%2BoNrsC6vuSXGh22gNrMlfXuRkiX4EPYobmLYH97vMUsZyycRs2hrDsGvVm7A%3D%3D; rl_session=RudderEncrypt%3AU2FsdGVkX19BDuWmaZO%2FYXBxvWFWJ4NqWW%2FWS2zUVhTI6yaMP42TWd2%2F8IUcC8iWJiA6au0Syjjlajsld%2FNR7Y%2FbfNsxS4o2MExMsLhvIURMpYr2K%2F8O2OUtcBOcOcomoQQo1hHFuAfYsfhLGk5hIg%3D%3D; ph_phc_4URIAm1uYfJO7j8kWSe0J8lc8IqnstRLS7Jx8NcakHo_posthog=%7B%22distinct_id%22%3A%22a0ffc13f7efdc2a741f5b2d604310d326ecceddbd697204b1fc1d898afa3a008%230541f89d-2f09-40c8-84f4-59d4e8d4b51b%22%2C%22%24sesid%22%3A%5Bnull%2Cnull%2Cnull%5D%2C%22%24epp%22%3Atrue%2C%22%24initial_person_info%22%3A%7B%22r%22%3A%22%24direct%22%2C%22u%22%3A%22http%3A%2F%2Flocalhost%3A5678%2Fsignout%22%7D%7D; n8n-auth=eyJhbGciOiJIUzI1NiIsInR5cCI6IkpXVCJ9.eyJpZCI6IjA1NDFmODlkLTJmMDktNDBjOC04NGY0LTU5ZDRlOGQ0YjUxYiIsImhhc2giOiJHeTV0RnZMUnY2IiwiYnJvd3NlcklkIjoiUW52L3JSWk9FNEtGQWFLWUpVcVAvTUNZK05yYUw2aFJmN29jUHdFV212Zz0iLCJpYXQiOjE3NTI1NjE1MDEsImV4cCI6MTc1MzE2NjMwMX0.8xGMGigzjsQKew-0kNLl1weiWZAHpS8nP22hA3tORds',
  'x-forwarded-host': 'localhost:3000',
  'x-forwarded-port': '3000',
  'x-forwarded-proto': 'http',
  'x-forwarded-for': '::1'
}
FormData parsed successfully
FormData entries:
Total entries: 1
  image: File(NRS2002评分.JPG, size: 12025)
Processing image: NRS2002评分.JPG, size: 12025
Saved temp file: /Users/binmacbook/Desktop/autogens（kilo&gemini7.11）/temp/7d4edb9d-3748-4e88-b5ec-0339abf95f30_NRS2002评分.JPG
Deleted temp file: /Users/binmacbook/Desktop/autogens（kilo&gemini7.11）/temp/7d4edb9d-3748-4e88-b5ec-0339abf95f30_NRS2002评分.JPG
Python script exited with code 1
Python error output: 
 POST /api/recognize-single-image 500 in 714ms
 ✓ Compiled /_not-found in 140ms (505 modules)
 GET /.well-known/appspecific/com.chrome.devtools.json 404 in 186ms
=== Received image recognition request ===
Request headers: Headers {
  host: 'localhost:3000',
  connection: 'keep-alive',
  'content-length': '76533',
  'sec-ch-ua-platform': '"macOS"',
  'user-agent': 'Mozilla/5.0 (Macintosh; Intel Mac OS X 10_15_7) AppleWebKit/537.36 (KHTML, like Gecko) Chrome/138.0.0.0 Safari/537.36',
  'sec-ch-ua': '"Not)A;Brand";v="8", "Chromium";v="138", "Google Chrome";v="138"',
  'content-type': 'multipart/form-data; boundary=----WebKitFormBoundary2PFZEXIQ0Ovg9ILz',
  'sec-ch-ua-mobile': '?0',
  accept: '*/*',
  origin: 'http://localhost:3000',
  'sec-fetch-site': 'same-origin',
  'sec-fetch-mode': 'cors',
  'sec-fetch-dest': 'empty',
  referer: 'http://localhost:3000/',
  'accept-encoding': 'gzip, deflate, br, zstd',
  'accept-language': 'zh-CN,zh;q=0.9',
  cookie: 'rl_page_init_referrer=RudderEncrypt%3AU2FsdGVkX19PQRSTbxQmntSXY3V1RKTFYBWui3%2BsYNk%3D; rl_page_init_referring_domain=RudderEncrypt%3AU2FsdGVkX19WZl09o2IcU%2Bx18TP2Wxzh5bTF7HF8YMo%3D; rl_anonymous_id=RudderEncrypt%3AU2FsdGVkX183njKEj8NenLXNMk91PfFH4EwzfSL3ubC8SpLVmviERMNyVm40vwf617yGJT19CgdYl5RxWQJqCg%3D%3D; rl_user_id=RudderEncrypt%3AU2FsdGVkX1%2FDiOgiquOGrkT9NzQEzvNm7FJfyw0RRZvGtKrPmK4rvUqDDAs4iHs2p3nHPDzJaX0frO6pMhNrmV%2BJO4YOiAW5VUAfXgdlipf2jYU%2ByXmBJVxXM59wesRHHiL9tKsK8AFxlJdSgYANI46c1n%2F6PSxfhC%2BveDE7HW8%3D; rl_trait=RudderEncrypt%3AU2FsdGVkX1%2BvzS8SnJ3udQMreGOJFIn1K19SBWh0YVnuEqtiaE8RyvdcLH7AWdla%2BI7zJCov4XiZ47HZQY2uLfWDvn%2BoNrsC6vuSXGh22gNrMlfXuRkiX4EPYobmLYH97vMUsZyycRs2hrDsGvVm7A%3D%3D; rl_session=RudderEncrypt%3AU2FsdGVkX19BDuWmaZO%2FYXBxvWFWJ4NqWW%2FWS2zUVhTI6yaMP42TWd2%2F8IUcC8iWJiA6au0Syjjlajsld%2FNR7Y%2FbfNsxS4o2MExMsLhvIURMpYr2K%2F8O2OUtcBOcOcomoQQo1hHFuAfYsfhLGk5hIg%3D%3D; ph_phc_4URIAm1uYfJO7j8kWSe0J8lc8IqnstRLS7Jx8NcakHo_posthog=%7B%22distinct_id%22%3A%22a0ffc13f7efdc2a741f5b2d604310d326ecceddbd697204b1fc1d898afa3a008%230541f89d-2f09-40c8-84f4-59d4e8d4b51b%22%2C%22%24sesid%22%3A%5Bnull%2Cnull%2Cnull%5D%2C%22%24epp%22%3Atrue%2C%22%24initial_person_info%22%3A%7B%22r%22%3A%22%24direct%22%2C%22u%22%3A%22http%3A%2F%2Flocalhost%3A5678%2Fsignout%22%7D%7D; n8n-auth=eyJhbGciOiJIUzI1NiIsInR5cCI6IkpXVCJ9.eyJpZCI6IjA1NDFmODlkLTJmMDktNDBjOC04NGY0LTU5ZDRlOGQ0YjUxYiIsImhhc2giOiJHeTV0RnZMUnY2IiwiYnJvd3NlcklkIjoiUW52L3JSWk9FNEtGQWFLWUpVcVAvTUNZK05yYUw2aFJmN29jUHdFV212Zz0iLCJpYXQiOjE3NTI1NjE1MDEsImV4cCI6MTc1MzE2NjMwMX0.8xGMGigzjsQKew-0kNLl1weiWZAHpS8nP22hA3tORds',
  'x-forwarded-host': 'localhost:3000',
  'x-forwarded-port': '3000',
  'x-forwarded-proto': 'http',
  'x-forwarded-for': '::1'
}
FormData parsed successfully
FormData entries:
Total entries: 1
  image: File(病历文书.JPG, size: 76342)
Processing image: 病历文书.JPG, size: 76342
Saved temp file: /Users/binmacbook/Desktop/autogens（kilo&gemini7.11）/temp/bfc3d3ff-c540-4e30-9de1-e24bff8782c0_病历文书.JPG
Deleted temp file: /Users/binmacbook/Desktop/autogens（kilo&gemini7.11）/temp/bfc3d3ff-c540-4e30-9de1-e24bff8782c0_病历文书.JPG
Python script exited with code 1
Python error output: 
 POST /api/recognize-single-image 500 in 1169ms
 GET / 200 in 33ms
 ○ Compiling /_error ...
 ✓ Compiled /_error in 560ms (681 modules)
 GET / 404 in 644ms
<w> [webpack.cache.PackFileCacheStrategy] Caching failed for pack: Error: ENOENT: no such file or directory, lstat '/Users/binmacbook/Desktop/autogens（kilo&gemini7.11）/.next/server/app/api'
<w> [webpack.cache.PackFileCacheStrategy/webpack.FileSystemInfo] Resolving '../../../../.next/server/app/api/recognize-single-image/route' in /Users/binmacbook/Desktop/autogens（kilo&gemini7.11）/node_modules/next/dist/server for build dependencies doesn't lead to expected result '/Users/binmacbook/Desktop/autogens（kilo&gemini7.11）/.next/server/app/api/recognize-single-image/route.js', but to 'Error: Can't resolve '../../../../.next/server/app/api/recognize-single-image/route' in '/Users/binmacbook/Desktop/autogens（kilo&gemini7.11）/node_modules/next/dist/server'' instead. Resolving dependencies are ignored for this path.
<w>  at resolve commonjs file ../../../../.next/server/app/api/recognize-single-image/route (expected /Users/binmacbook/Desktop/autogens（kilo&gemini7.11）/.next/server/app/api/recognize-single-image/route.js)
<w>  at file dependencies /Users/binmacbook/Desktop/autogens（kilo&gemini7.11）/node_modules/next/dist/server/require.js
<w>  at file /Users/binmacbook/Desktop/autogens（kilo&gemini7.11）/node_modules/next/dist/server/require.js
<w>  at file dependencies /Users/binmacbook/Desktop/autogens（kilo&gemini7.11）/node_modules/next/dist/server/load-components.js
<w>  at file /Users/binmacbook/Desktop/autogens（kilo&gemini7.11）/node_modules/next/dist/server/load-components.js
<w>  at file dependencies /Users/binmacbook/Desktop/autogens（kilo&gemini7.11）/node_modules/next/dist/build/utils.js
<w>  at file /Users/binmacbook/Desktop/autogens（kilo&gemini7.11）/node_modules/next/dist/build/utils.js
<w>  at file dependencies /Users/binmacbook/Desktop/autogens（kilo&gemini7.11）/node_modules/next/dist/build/webpack/loaders/next-route-loader/index.js
<w>  at file /Users/binmacbook/Desktop/autogens（kilo&gemini7.11）/node_modules/next/dist/build/webpack/loaders/next-route-loader/index.js
<w>  at resolve commonjs /Users/binmacbook/Desktop/autogens（kilo&gemini7.11）/node_modules/next/dist/build/webpack/loaders/next-route-loader/index.js
<w> [webpack.cache.PackFileCacheStrategy] Caching failed for pack: Error: ENOENT: no such file or directory, lstat '/Users/binmacbook/Desktop/autogens（kilo&gemini7.11）/.next/server/app/api'
<w> [webpack.cache.PackFileCacheStrategy/webpack.FileSystemInfo] Resolving '../../../../.next/server/app/api/recognize-single-image/route' in /Users/binmacbook/Desktop/autogens（kilo&gemini7.11）/node_modules/next/dist/server for build dependencies doesn't lead to expected result '/Users/binmacbook/Desktop/autogens（kilo&gemini7.11）/.next/server/app/api/recognize-single-image/route.js', but to 'Error: Can't resolve '../../../../.next/server/app/api/recognize-single-image/route' in '/Users/binmacbook/Desktop/autogens（kilo&gemini7.11）/node_modules/next/dist/server'' instead. Resolving dependencies are ignored for this path.
<w>  at resolve commonjs file ../../../../.next/server/app/api/recognize-single-image/route (expected /Users/binmacbook/Desktop/autogens（kilo&gemini7.11）/.next/server/app/api/recognize-single-image/route.js)
<w>  at file dependencies /Users/binmacbook/Desktop/autogens（kilo&gemini7.11）/node_modules/next/dist/server/require.js
<w>  at file /Users/binmacbook/Desktop/autogens（kilo&gemini7.11）/node_modules/next/dist/server/require.js
<w>  at file dependencies /Users/binmacbook/Desktop/autogens（kilo&gemini7.11）/node_modules/next/dist/server/load-components.js
<w>  at file /Users/binmacbook/Desktop/autogens（kilo&gemini7.11）/node_modules/next/dist/server/load-components.js
<w>  at file dependencies /Users/binmacbook/Desktop/autogens（kilo&gemini7.11）/node_modules/next/dist/build/utils.js
<w>  at file /Users/binmacbook/Desktop/autogens（kilo&gemini7.11）/node_modules/next/dist/build/utils.js
<w>  at file dependencies /Users/binmacbook/Desktop/autogens（kilo&gemini7.11）/node_modules/next/dist/build/webpack/plugins/flight-client-entry-plugin.js
<w>  at file /Users/binmacbook/Desktop/autogens（kilo&gemini7.11）/node_modules/next/dist/build/webpack/plugins/flight-client-entry-plugin.js
<w>  at file dependencies /Users/binmacbook/Desktop/autogens（kilo&gemini7.11）/node_modules/next/dist/build/webpack-config.js
<w>  at file /Users/binmacbook/Desktop/autogens（kilo&gemini7.11）/node_modules/next/dist/build/webpack-config.js
<w>  at file dependencies /Users/binmacbook/Desktop/autogens（kilo&gemini7.11）/node_modules/next/dist/build/webpack/loaders/next-swc-loader.js
<w>  at file /Users/binmacbook/Desktop/autogens（kilo&gemini7.11）/node_modules/next/dist/build/webpack/loaders/next-swc-loader.js
<w>  at resolve commonjs /Users/binmacbook/Desktop/autogens（kilo&gemini7.11）/node_modules/next/dist/build/webpack/loaders/next-swc-loader.js
   Reload env: .env
 ✓ Compiled in 216ms (676 modules)
[?25h
